<?xml version="1.0" encoding="UTF-8"?>
<coverage generated="1664370090904" clover="3.2.0">
  <project timestamp="1664370090905" name="All files">
    <metrics statements="127" coveredstatements="124" conditionals="196" coveredconditionals="151" methods="16" coveredmethods="14" elements="339" coveredelements="289" complexity="0" loc="127" ncloc="127" packages="1" files="3" classes="3"/>
    <file name="Api.js" path="/Users/guillaume/perso/apify/src/classes/Api.js">
      <metrics statements="1" coveredstatements="0" conditionals="1" coveredconditionals="0" methods="2" coveredmethods="0"/>
      <line num="5" count="0" type="stmt"/>
    </file>
    <file name="Conf.js" path="/Users/guillaume/perso/apify/src/classes/Conf.js">
      <metrics statements="9" coveredstatements="9" conditionals="5" coveredconditionals="5" methods="4" coveredmethods="4"/>
      <line num="20" count="22" type="stmt"/>
      <line num="24" count="8" type="stmt"/>
      <line num="28" count="1" type="stmt"/>
      <line num="29" count="2" type="stmt"/>
      <line num="34" count="2" type="stmt"/>
      <line num="35" count="2" type="cond" truecount="4" falsecount="0"/>
      <line num="36" count="1" type="stmt"/>
      <line num="38" count="2" type="stmt"/>
      <line num="39" count="2" type="stmt"/>
    </file>
    <file name="SchemaValidator.js" path="/Users/guillaume/perso/apify/src/classes/SchemaValidator.js">
      <metrics statements="117" coveredstatements="115" conditionals="190" coveredconditionals="146" methods="10" coveredmethods="10"/>
      <line num="6" count="2" type="stmt"/>
      <line num="10" count="36" type="stmt"/>
      <line num="11" count="35" type="stmt"/>
      <line num="15" count="40" type="stmt"/>
      <line num="16" count="40" type="cond" truecount="2" falsecount="0"/>
      <line num="17" count="7" type="stmt"/>
      <line num="21" count="7" type="cond" truecount="2" falsecount="0"/>
      <line num="22" count="1" type="stmt"/>
      <line num="23" count="1" type="stmt"/>
      <line num="25" count="6" type="stmt"/>
      <line num="26" count="4" type="stmt"/>
      <line num="27" count="4" type="stmt"/>
      <line num="28" count="4" type="stmt"/>
      <line num="30" count="0" type="stmt"/>
      <line num="34" count="33" type="stmt"/>
      <line num="40" count="37" type="stmt"/>
      <line num="44" count="15" type="cond" truecount="2" falsecount="0"/>
      <line num="45" count="1" type="cond" truecount="1" falsecount="1"/>
      <line num="47" count="14" type="cond" truecount="2" falsecount="0"/>
      <line num="51" count="1" type="stmt"/>
      <line num="57" count="13" type="cond" truecount="4" falsecount="0"/>
      <line num="58" count="1" type="stmt"/>
      <line num="64" count="12" type="cond" truecount="4" falsecount="0"/>
      <line num="65" count="1" type="stmt"/>
      <line num="71" count="11" type="cond" truecount="4" falsecount="0"/>
      <line num="72" count="1" type="stmt"/>
      <line num="78" count="10" type="cond" truecount="4" falsecount="0"/>
      <line num="79" count="1" type="stmt"/>
      <line num="87" count="137" type="cond" truecount="2" falsecount="0"/>
      <line num="89" count="31" type="stmt"/>
      <line num="90" count="31" type="cond" truecount="2" falsecount="0"/>
      <line num="91" count="1" type="stmt"/>
      <line num="101" count="124" type="cond" truecount="7" falsecount="1"/>
      <line num="103" count="12" type="stmt"/>
      <line num="104" count="12" type="cond" truecount="2" falsecount="0"/>
      <line num="105" count="1" type="stmt"/>
      <line num="108" count="11" type="stmt"/>
      <line num="110" count="2" type="stmt"/>
      <line num="111" count="2" type="cond" truecount="2" falsecount="0"/>
      <line num="112" count="1" type="stmt"/>
      <line num="115" count="1" type="stmt"/>
      <line num="118" count="2" type="cond" truecount="2" falsecount="0"/>
      <line num="123" count="1" type="stmt"/>
      <line num="128" count="1" type="stmt"/>
      <line num="130" count="18" type="cond" truecount="2" falsecount="0"/>
      <line num="135" count="1" type="stmt"/>
      <line num="138" count="17" type="stmt"/>
      <line num="140" count="2" type="cond" truecount="2" falsecount="0"/>
      <line num="145" count="1" type="stmt"/>
      <line num="148" count="1" type="stmt"/>
      <line num="150" count="2" type="cond" truecount="2" falsecount="0"/>
      <line num="151" count="1" type="stmt"/>
      <line num="154" count="1" type="stmt"/>
      <line num="156" count="17" type="cond" truecount="2" falsecount="0"/>
      <line num="161" count="1" type="stmt"/>
      <line num="164" count="16" type="cond" truecount="1" falsecount="1"/>
      <line num="165" count="16" type="stmt"/>
      <line num="168" count="105" type="stmt"/>
      <line num="172" count="199" type="cond" truecount="1" falsecount="1"/>
      <line num="173" count="199" type="cond" truecount="1" falsecount="1"/>
      <line num="174" count="0" type="stmt"/>
      <line num="178" count="199" type="cond" truecount="2" falsecount="0"/>
      <line num="179" count="5" type="stmt"/>
      <line num="182" count="194" type="cond" truecount="7" falsecount="0"/>
      <line num="184" count="2" type="cond" truecount="2" falsecount="0"/>
      <line num="185" count="1" type="cond" truecount="1" falsecount="1"/>
      <line num="186" count="1" type="stmt"/>
      <line num="188" count="2" type="cond" truecount="2" falsecount="0"/>
      <line num="189" count="1" type="stmt"/>
      <line num="192" count="1" type="stmt"/>
      <line num="194" count="30" type="stmt"/>
      <line num="196" count="30" type="stmt"/>
      <line num="197" count="420" type="cond" truecount="2" falsecount="0"/>
      <line num="198" count="26" type="stmt"/>
      <line num="204" count="30" type="stmt"/>
      <line num="205" count="145" type="stmt"/>
      <line num="212" count="5" type="cond" truecount="2" falsecount="0"/>
      <line num="213" count="5" type="cond" truecount="2" falsecount="0"/>
      <line num="214" count="1" type="stmt"/>
      <line num="219" count="4" type="cond" truecount="2" falsecount="0"/>
      <line num="223" count="1" type="stmt"/>
      <line num="229" count="3" type="cond" truecount="2" falsecount="0"/>
      <line num="233" count="1" type="stmt"/>
      <line num="239" count="2" type="stmt"/>
      <line num="241" count="16" type="stmt"/>
      <line num="243" count="16" type="cond" truecount="1" falsecount="1"/>
      <line num="244" count="19" type="cond" truecount="1" falsecount="1"/>
      <line num="245" count="19" type="stmt"/>
      <line num="254" count="15" type="cond" truecount="4" falsecount="0"/>
      <line num="255" count="1" type="stmt"/>
      <line num="261" count="14" type="cond" truecount="4" falsecount="0"/>
      <line num="262" count="1" type="stmt"/>
      <line num="268" count="13" type="cond" truecount="2" falsecount="0"/>
      <line num="271" count="14" type="stmt"/>
      <line num="274" count="1" type="stmt"/>
      <line num="278" count="12" type="stmt"/>
      <line num="280" count="12" type="stmt"/>
      <line num="282" count="5" type="stmt"/>
      <line num="283" count="3" type="stmt"/>
      <line num="284" count="3" type="stmt"/>
      <line num="286" count="129" type="cond" truecount="2" falsecount="0"/>
      <line num="287" count="2" type="cond" truecount="1" falsecount="1"/>
      <line num="289" count="127" type="cond" truecount="4" falsecount="0"/>
      <line num="290" count="1" type="stmt"/>
      <line num="296" count="126" type="cond" truecount="4" falsecount="0"/>
      <line num="297" count="1" type="stmt"/>
      <line num="303" count="125" type="cond" truecount="2" falsecount="0"/>
      <line num="307" count="1" type="stmt"/>
      <line num="312" count="124" type="stmt"/>
      <line num="313" count="117" type="stmt"/>
      <line num="314" count="116" type="stmt"/>
      <line num="316" count="10" type="stmt"/>
      <line num="317" count="6" type="cond" truecount="2" falsecount="0"/>
      <line num="318" count="1" type="stmt"/>
      <line num="321" count="5" type="stmt"/>
      <line num="322" count="5" type="stmt"/>
      <line num="325" count="126" type="stmt"/>
    </file>
  </project>
</coverage>
