{"/Users/guillaume/perso/apify/src/classes/Api.js": {"path":"/Users/guillaume/perso/apify/src/classes/Api.js","statementMap":{"0":{"start":{"line":5,"column":4},"end":{"line":5,"column":22}}},"fnMap":{"0":{"name":"(anonymous_0)","decl":{"start":{"line":4,"column":2},"end":{"line":4,"column":3}},"loc":{"start":{"line":4,"column":26},"end":{"line":6,"column":3}},"line":4},"1":{"name":"(anonymous_1)","decl":{"start":{"line":8,"column":2},"end":{"line":8,"column":3}},"loc":{"start":{"line":8,"column":11},"end":{"line":10,"column":3}},"line":8}},"branchMap":{"0":{"loc":{"start":{"line":4,"column":15},"end":{"line":4,"column":24}},"type":"default-arg","locations":[{"start":{"line":4,"column":22},"end":{"line":4,"column":24}}],"line":4}},"s":{"0":0},"f":{"0":0,"1":0},"b":{"0":[0]}}
,"/Users/guillaume/perso/apify/src/classes/Conf.js": {"path":"/Users/guillaume/perso/apify/src/classes/Conf.js","statementMap":{"0":{"start":{"line":3,"column":16},"end":{"line":15,"column":1}},"1":{"start":{"line":11,"column":22},"end":{"line":11,"column":24}},"2":{"start":{"line":14,"column":22},"end":{"line":14,"column":26}},"3":{"start":{"line":19,"column":4},"end":{"line":19,"column":53}},"4":{"start":{"line":23,"column":4},"end":{"line":23,"column":39}},"5":{"start":{"line":27,"column":4},"end":{"line":29,"column":5}},"6":{"start":{"line":28,"column":6},"end":{"line":28,"column":31}},"7":{"start":{"line":33,"column":16},"end":{"line":33,"column":33}},"8":{"start":{"line":34,"column":4},"end":{"line":36,"column":5}},"9":{"start":{"line":35,"column":6},"end":{"line":35,"column":14}},"10":{"start":{"line":37,"column":4},"end":{"line":37,"column":19}},"11":{"start":{"line":38,"column":4},"end":{"line":38,"column":22}}},"fnMap":{"0":{"name":"(anonymous_0)","decl":{"start":{"line":11,"column":17},"end":{"line":11,"column":18}},"loc":{"start":{"line":11,"column":22},"end":{"line":11,"column":24}},"line":11},"1":{"name":"(anonymous_1)","decl":{"start":{"line":14,"column":17},"end":{"line":14,"column":18}},"loc":{"start":{"line":14,"column":22},"end":{"line":14,"column":26}},"line":14},"2":{"name":"(anonymous_2)","decl":{"start":{"line":18,"column":2},"end":{"line":18,"column":3}},"loc":{"start":{"line":18,"column":40},"end":{"line":20,"column":3}},"line":18},"3":{"name":"(anonymous_3)","decl":{"start":{"line":22,"column":2},"end":{"line":22,"column":3}},"loc":{"start":{"line":22,"column":26},"end":{"line":24,"column":3}},"line":22},"4":{"name":"(anonymous_4)","decl":{"start":{"line":26,"column":2},"end":{"line":26,"column":3}},"loc":{"start":{"line":26,"column":23},"end":{"line":30,"column":3}},"line":26},"5":{"name":"(anonymous_5)","decl":{"start":{"line":32,"column":2},"end":{"line":32,"column":3}},"loc":{"start":{"line":32,"column":29},"end":{"line":39,"column":3}},"line":32}},"branchMap":{"0":{"loc":{"start":{"line":18,"column":19},"end":{"line":18,"column":38}},"type":"default-arg","locations":[{"start":{"line":18,"column":34},"end":{"line":18,"column":38}}],"line":18},"1":{"loc":{"start":{"line":34,"column":4},"end":{"line":36,"column":5}},"type":"if","locations":[{"start":{"line":34,"column":4},"end":{"line":36,"column":5}},{"start":{},"end":{}}],"line":34},"2":{"loc":{"start":{"line":34,"column":8},"end":{"line":34,"column":46}},"type":"binary-expr","locations":[{"start":{"line":34,"column":8},"end":{"line":34,"column":12}},{"start":{"line":34,"column":16},"end":{"line":34,"column":46}}],"line":34}},"s":{"0":1,"1":0,"2":0,"3":3,"4":1,"5":0,"6":0,"7":0,"8":0,"9":0,"10":0,"11":0},"f":{"0":0,"1":0,"2":3,"3":1,"4":0,"5":0},"b":{"0":[0],"1":[0,0],"2":[0,0]},"_coverageSchema":"1a1c01bbd47fc00a2c39e90264f33305004495a9","hash":"0dc312a4b4cfeac9efaaa2f704b5203fddf69803"}
,"/Users/guillaume/perso/apify/src/classes/SchemaValidator.js": {"path":"/Users/guillaume/perso/apify/src/classes/SchemaValidator.js","statementMap":{"0":{"start":{"line":6,"column":20},"end":{"line":6,"column":22}},"1":{"start":{"line":10,"column":22},"end":{"line":10,"column":56}},"2":{"start":{"line":11,"column":4},"end":{"line":11,"column":52}},"3":{"start":{"line":15,"column":4},"end":{"line":36,"column":6}},"4":{"start":{"line":16,"column":6},"end":{"line":35,"column":7}},"5":{"start":{"line":17,"column":25},"end":{"line":20,"column":9}},"6":{"start":{"line":21,"column":8},"end":{"line":24,"column":9}},"7":{"start":{"line":22,"column":10},"end":{"line":22,"column":48}},"8":{"start":{"line":23,"column":10},"end":{"line":23,"column":16}},"9":{"start":{"line":25,"column":8},"end":{"line":32,"column":10}},"10":{"start":{"line":26,"column":10},"end":{"line":30,"column":11}},"11":{"start":{"line":27,"column":12},"end":{"line":27,"column":61}},"12":{"start":{"line":29,"column":12},"end":{"line":29,"column":54}},"13":{"start":{"line":31,"column":10},"end":{"line":31,"column":59}},"14":{"start":{"line":34,"column":8},"end":{"line":34,"column":57}},"15":{"start":{"line":40,"column":4},"end":{"line":40,"column":24}},"16":{"start":{"line":44,"column":4},"end":{"line":45,"column":76}},"17":{"start":{"line":45,"column":6},"end":{"line":45,"column":76}},"18":{"start":{"line":47,"column":4},"end":{"line":55,"column":7}},"19":{"start":{"line":51,"column":6},"end":{"line":55,"column":7}},"20":{"start":{"line":57,"column":4},"end":{"line":62,"column":7}},"21":{"start":{"line":58,"column":6},"end":{"line":62,"column":7}},"22":{"start":{"line":64,"column":4},"end":{"line":69,"column":7}},"23":{"start":{"line":65,"column":6},"end":{"line":69,"column":7}},"24":{"start":{"line":71,"column":4},"end":{"line":76,"column":7}},"25":{"start":{"line":72,"column":6},"end":{"line":76,"column":7}},"26":{"start":{"line":78,"column":4},"end":{"line":83,"column":7}},"27":{"start":{"line":79,"column":6},"end":{"line":83,"column":7}},"28":{"start":{"line":87,"column":4},"end":{"line":87,"column":41}},"29":{"start":{"line":87,"column":35},"end":{"line":87,"column":41}},"30":{"start":{"line":89,"column":4},"end":{"line":97,"column":5}},"31":{"start":{"line":90,"column":6},"end":{"line":96,"column":7}},"32":{"start":{"line":91,"column":8},"end":{"line":95,"column":9}},"33":{"start":{"line":101,"column":4},"end":{"line":166,"column":5}},"34":{"start":{"line":103,"column":8},"end":{"line":103,"column":24}},"35":{"start":{"line":104,"column":8},"end":{"line":107,"column":11}},"36":{"start":{"line":105,"column":10},"end":{"line":107,"column":11}},"37":{"start":{"line":108,"column":8},"end":{"line":108,"column":39}},"38":{"start":{"line":110,"column":8},"end":{"line":110,"column":24}},"39":{"start":{"line":111,"column":8},"end":{"line":114,"column":11}},"40":{"start":{"line":112,"column":10},"end":{"line":114,"column":11}},"41":{"start":{"line":115,"column":8},"end":{"line":115,"column":52}},"42":{"start":{"line":118,"column":8},"end":{"line":127,"column":11}},"43":{"start":{"line":123,"column":10},"end":{"line":127,"column":11}},"44":{"start":{"line":128,"column":8},"end":{"line":128,"column":13}},"45":{"start":{"line":130,"column":8},"end":{"line":137,"column":11}},"46":{"start":{"line":135,"column":10},"end":{"line":137,"column":11}},"47":{"start":{"line":138,"column":8},"end":{"line":138,"column":13}},"48":{"start":{"line":140,"column":8},"end":{"line":147,"column":11}},"49":{"start":{"line":145,"column":10},"end":{"line":147,"column":11}},"50":{"start":{"line":148,"column":8},"end":{"line":148,"column":13}},"51":{"start":{"line":150,"column":8},"end":{"line":153,"column":11}},"52":{"start":{"line":151,"column":10},"end":{"line":153,"column":11}},"53":{"start":{"line":154,"column":8},"end":{"line":154,"column":13}},"54":{"start":{"line":156,"column":8},"end":{"line":163,"column":11}},"55":{"start":{"line":161,"column":10},"end":{"line":163,"column":11}},"56":{"start":{"line":164,"column":8},"end":{"line":164,"column":65}},"57":{"start":{"line":164,"column":44},"end":{"line":164,"column":65}},"58":{"start":{"line":165,"column":8},"end":{"line":165,"column":13}},"59":{"start":{"line":168,"column":4},"end":{"line":168,"column":14}},"60":{"start":{"line":172,"column":4},"end":{"line":172,"column":35}},"61":{"start":{"line":172,"column":25},"end":{"line":172,"column":35}},"62":{"start":{"line":173,"column":4},"end":{"line":176,"column":7}},"63":{"start":{"line":174,"column":6},"end":{"line":176,"column":7}},"64":{"start":{"line":178,"column":4},"end":{"line":180,"column":5}},"65":{"start":{"line":179,"column":6},"end":{"line":179,"column":53}},"66":{"start":{"line":182,"column":4},"end":{"line":183,"column":54}},"67":{"start":{"line":183,"column":6},"end":{"line":183,"column":54}},"68":{"start":{"line":185,"column":4},"end":{"line":334,"column":5}},"69":{"start":{"line":187,"column":8},"end":{"line":188,"column":76}},"70":{"start":{"line":188,"column":10},"end":{"line":188,"column":76}},"71":{"start":{"line":189,"column":8},"end":{"line":189,"column":13}},"72":{"start":{"line":191,"column":8},"end":{"line":194,"column":11}},"73":{"start":{"line":192,"column":10},"end":{"line":194,"column":11}},"74":{"start":{"line":195,"column":8},"end":{"line":195,"column":47}},"75":{"start":{"line":196,"column":8},"end":{"line":196,"column":13}},"76":{"start":{"line":198,"column":18},"end":{"line":198,"column":20}},"77":{"start":{"line":200,"column":8},"end":{"line":206,"column":9}},"78":{"start":{"line":201,"column":10},"end":{"line":205,"column":11}},"79":{"start":{"line":202,"column":12},"end":{"line":204,"column":13}},"80":{"start":{"line":208,"column":8},"end":{"line":220,"column":9}},"81":{"start":{"line":209,"column":10},"end":{"line":219,"column":11}},"82":{"start":{"line":210,"column":12},"end":{"line":214,"column":13}},"83":{"start":{"line":216,"column":12},"end":{"line":218,"column":13}},"84":{"start":{"line":217,"column":14},"end":{"line":217,"column":23}},"85":{"start":{"line":222,"column":8},"end":{"line":227,"column":9}},"86":{"start":{"line":223,"column":10},"end":{"line":226,"column":13}},"87":{"start":{"line":224,"column":12},"end":{"line":226,"column":13}},"88":{"start":{"line":229,"column":8},"end":{"line":237,"column":11}},"89":{"start":{"line":233,"column":10},"end":{"line":237,"column":11}},"90":{"start":{"line":239,"column":8},"end":{"line":247,"column":11}},"91":{"start":{"line":243,"column":10},"end":{"line":247,"column":11}},"92":{"start":{"line":249,"column":8},"end":{"line":249,"column":18}},"93":{"start":{"line":251,"column":18},"end":{"line":251,"column":20}},"94":{"start":{"line":253,"column":8},"end":{"line":264,"column":9}},"95":{"start":{"line":253,"column":23},"end":{"line":253,"column":24}},"96":{"start":{"line":254,"column":23},"end":{"line":254,"column":39}},"97":{"start":{"line":255,"column":10},"end":{"line":263,"column":20}},"98":{"start":{"line":256,"column":12},"end":{"line":262,"column":13}},"99":{"start":{"line":266,"column":8},"end":{"line":271,"column":11}},"100":{"start":{"line":267,"column":10},"end":{"line":271,"column":11}},"101":{"start":{"line":273,"column":8},"end":{"line":278,"column":11}},"102":{"start":{"line":274,"column":10},"end":{"line":278,"column":11}},"103":{"start":{"line":280,"column":8},"end":{"line":288,"column":11}},"104":{"start":{"line":283,"column":47},"end":{"line":283,"column":76}},"105":{"start":{"line":286,"column":10},"end":{"line":288,"column":11}},"106":{"start":{"line":290,"column":8},"end":{"line":290,"column":45}},"107":{"start":{"line":292,"column":8},"end":{"line":292,"column":18}},"108":{"start":{"line":294,"column":8},"end":{"line":294,"column":47}},"109":{"start":{"line":295,"column":8},"end":{"line":295,"column":47}},"110":{"start":{"line":296,"column":8},"end":{"line":296,"column":13}},"111":{"start":{"line":298,"column":8},"end":{"line":299,"column":80}},"112":{"start":{"line":299,"column":10},"end":{"line":299,"column":80}},"113":{"start":{"line":301,"column":8},"end":{"line":306,"column":11}},"114":{"start":{"line":302,"column":10},"end":{"line":306,"column":11}},"115":{"start":{"line":308,"column":8},"end":{"line":313,"column":11}},"116":{"start":{"line":309,"column":10},"end":{"line":313,"column":11}},"117":{"start":{"line":315,"column":8},"end":{"line":321,"column":11}},"118":{"start":{"line":319,"column":10},"end":{"line":321,"column":11}},"119":{"start":{"line":323,"column":8},"end":{"line":323,"column":53}},"120":{"start":{"line":324,"column":8},"end":{"line":324,"column":47}},"121":{"start":{"line":325,"column":8},"end":{"line":325,"column":13}},"122":{"start":{"line":327,"column":8},"end":{"line":327,"column":47}},"123":{"start":{"line":328,"column":8},"end":{"line":331,"column":11}},"124":{"start":{"line":329,"column":10},"end":{"line":331,"column":11}},"125":{"start":{"line":332,"column":8},"end":{"line":332,"column":47}},"126":{"start":{"line":333,"column":8},"end":{"line":333,"column":13}},"127":{"start":{"line":336,"column":4},"end":{"line":336,"column":14}}},"fnMap":{"0":{"name":"(anonymous_0)","decl":{"start":{"line":9,"column":2},"end":{"line":9,"column":3}},"loc":{"start":{"line":9,"column":36},"end":{"line":12,"column":3}},"line":9},"1":{"name":"(anonymous_1)","decl":{"start":{"line":14,"column":2},"end":{"line":14,"column":3}},"loc":{"start":{"line":14,"column":23},"end":{"line":37,"column":3}},"line":14},"2":{"name":"(anonymous_2)","decl":{"start":{"line":15,"column":23},"end":{"line":15,"column":24}},"loc":{"start":{"line":15,"column":44},"end":{"line":36,"column":5}},"line":15},"3":{"name":"(anonymous_3)","decl":{"start":{"line":25,"column":30},"end":{"line":25,"column":31}},"loc":{"start":{"line":25,"column":45},"end":{"line":32,"column":9}},"line":25},"4":{"name":"(anonymous_4)","decl":{"start":{"line":39,"column":2},"end":{"line":39,"column":3}},"loc":{"start":{"line":39,"column":23},"end":{"line":41,"column":3}},"line":39},"5":{"name":"(anonymous_5)","decl":{"start":{"line":43,"column":2},"end":{"line":43,"column":3}},"loc":{"start":{"line":43,"column":43},"end":{"line":84,"column":3}},"line":43},"6":{"name":"(anonymous_6)","decl":{"start":{"line":86,"column":2},"end":{"line":86,"column":3}},"loc":{"start":{"line":86,"column":41},"end":{"line":98,"column":3}},"line":86},"7":{"name":"(anonymous_7)","decl":{"start":{"line":100,"column":2},"end":{"line":100,"column":3}},"loc":{"start":{"line":100,"column":43},"end":{"line":169,"column":3}},"line":100},"8":{"name":"(anonymous_8)","decl":{"start":{"line":171,"column":2},"end":{"line":171,"column":3}},"loc":{"start":{"line":171,"column":43},"end":{"line":337,"column":3}},"line":171},"9":{"name":"(anonymous_9)","decl":{"start":{"line":283,"column":23},"end":{"line":283,"column":24}},"loc":{"start":{"line":283,"column":47},"end":{"line":283,"column":76}},"line":283}},"branchMap":{"0":{"loc":{"start":{"line":16,"column":6},"end":{"line":35,"column":7}},"type":"if","locations":[{"start":{"line":16,"column":6},"end":{"line":35,"column":7}},{"start":{"line":33,"column":13},"end":{"line":35,"column":7}}],"line":16},"1":{"loc":{"start":{"line":21,"column":8},"end":{"line":24,"column":9}},"type":"if","locations":[{"start":{"line":21,"column":8},"end":{"line":24,"column":9}},{"start":{},"end":{}}],"line":21},"2":{"loc":{"start":{"line":43,"column":31},"end":{"line":43,"column":41}},"type":"default-arg","locations":[{"start":{"line":43,"column":39},"end":{"line":43,"column":41}}],"line":43},"3":{"loc":{"start":{"line":44,"column":4},"end":{"line":45,"column":76}},"type":"if","locations":[{"start":{"line":44,"column":4},"end":{"line":45,"column":76}},{"start":{},"end":{}}],"line":44},"4":{"loc":{"start":{"line":45,"column":25},"end":{"line":45,"column":55}},"type":"cond-expr","locations":[{"start":{"line":45,"column":40},"end":{"line":45,"column":45}},{"start":{"line":45,"column":48},"end":{"line":45,"column":55}}],"line":45},"5":{"loc":{"start":{"line":47,"column":4},"end":{"line":55,"column":7}},"type":"if","locations":[{"start":{"line":47,"column":4},"end":{"line":55,"column":7}},{"start":{},"end":{}}],"line":47},"6":{"loc":{"start":{"line":48,"column":6},"end":{"line":49,"column":57}},"type":"binary-expr","locations":[{"start":{"line":48,"column":6},"end":{"line":48,"column":37}},{"start":{"line":49,"column":6},"end":{"line":49,"column":57}}],"line":48},"7":{"loc":{"start":{"line":52,"column":11},"end":{"line":52,"column":41}},"type":"cond-expr","locations":[{"start":{"line":52,"column":26},"end":{"line":52,"column":31}},{"start":{"line":52,"column":34},"end":{"line":52,"column":41}}],"line":52},"8":{"loc":{"start":{"line":57,"column":4},"end":{"line":62,"column":7}},"type":"if","locations":[{"start":{"line":57,"column":4},"end":{"line":62,"column":7}},{"start":{},"end":{}}],"line":57},"9":{"loc":{"start":{"line":57,"column":8},"end":{"line":57,"column":60}},"type":"binary-expr","locations":[{"start":{"line":57,"column":8},"end":{"line":57,"column":36}},{"start":{"line":57,"column":40},"end":{"line":57,"column":60}}],"line":57},"10":{"loc":{"start":{"line":59,"column":11},"end":{"line":59,"column":41}},"type":"cond-expr","locations":[{"start":{"line":59,"column":26},"end":{"line":59,"column":31}},{"start":{"line":59,"column":34},"end":{"line":59,"column":41}}],"line":59},"11":{"loc":{"start":{"line":64,"column":4},"end":{"line":69,"column":7}},"type":"if","locations":[{"start":{"line":64,"column":4},"end":{"line":69,"column":7}},{"start":{},"end":{}}],"line":64},"12":{"loc":{"start":{"line":64,"column":8},"end":{"line":64,"column":60}},"type":"binary-expr","locations":[{"start":{"line":64,"column":8},"end":{"line":64,"column":36}},{"start":{"line":64,"column":40},"end":{"line":64,"column":60}}],"line":64},"13":{"loc":{"start":{"line":66,"column":11},"end":{"line":66,"column":41}},"type":"cond-expr","locations":[{"start":{"line":66,"column":26},"end":{"line":66,"column":31}},{"start":{"line":66,"column":34},"end":{"line":66,"column":41}}],"line":66},"14":{"loc":{"start":{"line":71,"column":4},"end":{"line":76,"column":7}},"type":"if","locations":[{"start":{"line":71,"column":4},"end":{"line":76,"column":7}},{"start":{},"end":{}}],"line":71},"15":{"loc":{"start":{"line":71,"column":8},"end":{"line":71,"column":79}},"type":"binary-expr","locations":[{"start":{"line":71,"column":8},"end":{"line":71,"column":45}},{"start":{"line":71,"column":49},"end":{"line":71,"column":79}}],"line":71},"16":{"loc":{"start":{"line":73,"column":11},"end":{"line":73,"column":41}},"type":"cond-expr","locations":[{"start":{"line":73,"column":26},"end":{"line":73,"column":31}},{"start":{"line":73,"column":34},"end":{"line":73,"column":41}}],"line":73},"17":{"loc":{"start":{"line":78,"column":4},"end":{"line":83,"column":7}},"type":"if","locations":[{"start":{"line":78,"column":4},"end":{"line":83,"column":7}},{"start":{},"end":{}}],"line":78},"18":{"loc":{"start":{"line":78,"column":8},"end":{"line":78,"column":79}},"type":"binary-expr","locations":[{"start":{"line":78,"column":8},"end":{"line":78,"column":45}},{"start":{"line":78,"column":49},"end":{"line":78,"column":79}}],"line":78},"19":{"loc":{"start":{"line":80,"column":11},"end":{"line":80,"column":41}},"type":"cond-expr","locations":[{"start":{"line":80,"column":26},"end":{"line":80,"column":31}},{"start":{"line":80,"column":34},"end":{"line":80,"column":41}}],"line":80},"20":{"loc":{"start":{"line":86,"column":29},"end":{"line":86,"column":39}},"type":"default-arg","locations":[{"start":{"line":86,"column":37},"end":{"line":86,"column":39}}],"line":86},"21":{"loc":{"start":{"line":87,"column":4},"end":{"line":87,"column":41}},"type":"if","locations":[{"start":{"line":87,"column":4},"end":{"line":87,"column":41}},{"start":{},"end":{}}],"line":87},"22":{"loc":{"start":{"line":90,"column":6},"end":{"line":96,"column":7}},"type":"if","locations":[{"start":{"line":90,"column":6},"end":{"line":96,"column":7}},{"start":{},"end":{}}],"line":90},"23":{"loc":{"start":{"line":92,"column":13},"end":{"line":92,"column":43}},"type":"cond-expr","locations":[{"start":{"line":92,"column":28},"end":{"line":92,"column":33}},{"start":{"line":92,"column":36},"end":{"line":92,"column":43}}],"line":92},"24":{"loc":{"start":{"line":100,"column":31},"end":{"line":100,"column":41}},"type":"default-arg","locations":[{"start":{"line":100,"column":39},"end":{"line":100,"column":41}}],"line":100},"25":{"loc":{"start":{"line":101,"column":4},"end":{"line":166,"column":5}},"type":"switch","locations":[{"start":{"line":102,"column":6},"end":{"line":108,"column":39}},{"start":{"line":109,"column":6},"end":{"line":115,"column":52}},{"start":{"line":116,"column":6},"end":{"line":116,"column":18}},{"start":{"line":117,"column":6},"end":{"line":128,"column":13}},{"start":{"line":129,"column":6},"end":{"line":138,"column":13}},{"start":{"line":139,"column":6},"end":{"line":148,"column":13}},{"start":{"line":149,"column":6},"end":{"line":154,"column":13}},{"start":{"line":155,"column":6},"end":{"line":165,"column":13}}],"line":101},"26":{"loc":{"start":{"line":104,"column":8},"end":{"line":107,"column":11}},"type":"if","locations":[{"start":{"line":104,"column":8},"end":{"line":107,"column":11}},{"start":{},"end":{}}],"line":104},"27":{"loc":{"start":{"line":106,"column":15},"end":{"line":106,"column":45}},"type":"cond-expr","locations":[{"start":{"line":106,"column":30},"end":{"line":106,"column":35}},{"start":{"line":106,"column":38},"end":{"line":106,"column":45}}],"line":106},"28":{"loc":{"start":{"line":111,"column":8},"end":{"line":114,"column":11}},"type":"if","locations":[{"start":{"line":111,"column":8},"end":{"line":114,"column":11}},{"start":{},"end":{}}],"line":111},"29":{"loc":{"start":{"line":113,"column":15},"end":{"line":113,"column":45}},"type":"cond-expr","locations":[{"start":{"line":113,"column":30},"end":{"line":113,"column":35}},{"start":{"line":113,"column":38},"end":{"line":113,"column":45}}],"line":113},"30":{"loc":{"start":{"line":118,"column":8},"end":{"line":127,"column":11}},"type":"if","locations":[{"start":{"line":118,"column":8},"end":{"line":127,"column":11}},{"start":{},"end":{}}],"line":118},"31":{"loc":{"start":{"line":125,"column":14},"end":{"line":125,"column":44}},"type":"cond-expr","locations":[{"start":{"line":125,"column":29},"end":{"line":125,"column":34}},{"start":{"line":125,"column":37},"end":{"line":125,"column":44}}],"line":125},"32":{"loc":{"start":{"line":130,"column":8},"end":{"line":137,"column":11}},"type":"if","locations":[{"start":{"line":130,"column":8},"end":{"line":137,"column":11}},{"start":{},"end":{}}],"line":130},"33":{"loc":{"start":{"line":136,"column":15},"end":{"line":136,"column":45}},"type":"cond-expr","locations":[{"start":{"line":136,"column":30},"end":{"line":136,"column":35}},{"start":{"line":136,"column":38},"end":{"line":136,"column":45}}],"line":136},"34":{"loc":{"start":{"line":140,"column":8},"end":{"line":147,"column":11}},"type":"if","locations":[{"start":{"line":140,"column":8},"end":{"line":147,"column":11}},{"start":{},"end":{}}],"line":140},"35":{"loc":{"start":{"line":146,"column":15},"end":{"line":146,"column":45}},"type":"cond-expr","locations":[{"start":{"line":146,"column":30},"end":{"line":146,"column":35}},{"start":{"line":146,"column":38},"end":{"line":146,"column":45}}],"line":146},"36":{"loc":{"start":{"line":150,"column":8},"end":{"line":153,"column":11}},"type":"if","locations":[{"start":{"line":150,"column":8},"end":{"line":153,"column":11}},{"start":{},"end":{}}],"line":150},"37":{"loc":{"start":{"line":152,"column":15},"end":{"line":152,"column":45}},"type":"cond-expr","locations":[{"start":{"line":152,"column":30},"end":{"line":152,"column":35}},{"start":{"line":152,"column":38},"end":{"line":152,"column":45}}],"line":152},"38":{"loc":{"start":{"line":156,"column":8},"end":{"line":163,"column":11}},"type":"if","locations":[{"start":{"line":156,"column":8},"end":{"line":163,"column":11}},{"start":{},"end":{}}],"line":156},"39":{"loc":{"start":{"line":162,"column":15},"end":{"line":162,"column":45}},"type":"cond-expr","locations":[{"start":{"line":162,"column":30},"end":{"line":162,"column":35}},{"start":{"line":162,"column":38},"end":{"line":162,"column":45}}],"line":162},"40":{"loc":{"start":{"line":164,"column":8},"end":{"line":164,"column":65}},"type":"if","locations":[{"start":{"line":164,"column":8},"end":{"line":164,"column":65}},{"start":{},"end":{}}],"line":164},"41":{"loc":{"start":{"line":171,"column":31},"end":{"line":171,"column":41}},"type":"default-arg","locations":[{"start":{"line":171,"column":39},"end":{"line":171,"column":41}}],"line":171},"42":{"loc":{"start":{"line":172,"column":4},"end":{"line":172,"column":35}},"type":"if","locations":[{"start":{"line":172,"column":4},"end":{"line":172,"column":35}},{"start":{},"end":{}}],"line":172},"43":{"loc":{"start":{"line":173,"column":4},"end":{"line":176,"column":7}},"type":"if","locations":[{"start":{"line":173,"column":4},"end":{"line":176,"column":7}},{"start":{},"end":{}}],"line":173},"44":{"loc":{"start":{"line":175,"column":11},"end":{"line":175,"column":41}},"type":"cond-expr","locations":[{"start":{"line":175,"column":26},"end":{"line":175,"column":31}},{"start":{"line":175,"column":34},"end":{"line":175,"column":41}}],"line":175},"45":{"loc":{"start":{"line":178,"column":4},"end":{"line":180,"column":5}},"type":"if","locations":[{"start":{"line":178,"column":4},"end":{"line":180,"column":5}},{"start":{},"end":{}}],"line":178},"46":{"loc":{"start":{"line":182,"column":4},"end":{"line":183,"column":54}},"type":"if","locations":[{"start":{"line":182,"column":4},"end":{"line":183,"column":54}},{"start":{},"end":{}}],"line":182},"47":{"loc":{"start":{"line":182,"column":8},"end":{"line":182,"column":57}},"type":"binary-expr","locations":[{"start":{"line":182,"column":8},"end":{"line":182,"column":36}},{"start":{"line":182,"column":40},"end":{"line":182,"column":57}}],"line":182},"48":{"loc":{"start":{"line":185,"column":4},"end":{"line":334,"column":5}},"type":"switch","locations":[{"start":{"line":186,"column":6},"end":{"line":189,"column":13}},{"start":{"line":190,"column":6},"end":{"line":196,"column":13}},{"start":{"line":197,"column":6},"end":{"line":249,"column":18}},{"start":{"line":250,"column":6},"end":{"line":292,"column":18}},{"start":{"line":293,"column":6},"end":{"line":296,"column":13}},{"start":{"line":297,"column":6},"end":{"line":325,"column":13}},{"start":{"line":326,"column":6},"end":{"line":333,"column":13}}],"line":185},"49":{"loc":{"start":{"line":187,"column":8},"end":{"line":188,"column":76}},"type":"if","locations":[{"start":{"line":187,"column":8},"end":{"line":188,"column":76}},{"start":{},"end":{}}],"line":187},"50":{"loc":{"start":{"line":188,"column":29},"end":{"line":188,"column":59}},"type":"cond-expr","locations":[{"start":{"line":188,"column":44},"end":{"line":188,"column":49}},{"start":{"line":188,"column":52},"end":{"line":188,"column":59}}],"line":188},"51":{"loc":{"start":{"line":191,"column":8},"end":{"line":194,"column":11}},"type":"if","locations":[{"start":{"line":191,"column":8},"end":{"line":194,"column":11}},{"start":{},"end":{}}],"line":191},"52":{"loc":{"start":{"line":193,"column":15},"end":{"line":193,"column":45}},"type":"cond-expr","locations":[{"start":{"line":193,"column":30},"end":{"line":193,"column":35}},{"start":{"line":193,"column":38},"end":{"line":193,"column":45}}],"line":193},"53":{"loc":{"start":{"line":201,"column":10},"end":{"line":205,"column":11}},"type":"if","locations":[{"start":{"line":201,"column":10},"end":{"line":205,"column":11}},{"start":{},"end":{}}],"line":201},"54":{"loc":{"start":{"line":212,"column":14},"end":{"line":212,"column":75}},"type":"binary-expr","locations":[{"start":{"line":212,"column":14},"end":{"line":212,"column":36}},{"start":{"line":212,"column":40},"end":{"line":212,"column":67}},{"start":{"line":212,"column":71},"end":{"line":212,"column":75}}],"line":212},"55":{"loc":{"start":{"line":213,"column":25},"end":{"line":213,"column":48}},"type":"cond-expr","locations":[{"start":{"line":213,"column":40},"end":{"line":213,"column":43}},{"start":{"line":213,"column":46},"end":{"line":213,"column":48}}],"line":213},"56":{"loc":{"start":{"line":216,"column":12},"end":{"line":218,"column":13}},"type":"if","locations":[{"start":{"line":216,"column":12},"end":{"line":218,"column":13}},{"start":{},"end":{}}],"line":216},"57":{"loc":{"start":{"line":216,"column":17},"end":{"line":216,"column":38}},"type":"binary-expr","locations":[{"start":{"line":216,"column":17},"end":{"line":216,"column":32}},{"start":{"line":216,"column":36},"end":{"line":216,"column":38}}],"line":216},"58":{"loc":{"start":{"line":222,"column":24},"end":{"line":222,"column":45}},"type":"binary-expr","locations":[{"start":{"line":222,"column":24},"end":{"line":222,"column":39}},{"start":{"line":222,"column":43},"end":{"line":222,"column":45}}],"line":222},"59":{"loc":{"start":{"line":223,"column":10},"end":{"line":226,"column":13}},"type":"if","locations":[{"start":{"line":223,"column":10},"end":{"line":226,"column":13}},{"start":{},"end":{}}],"line":223},"60":{"loc":{"start":{"line":225,"column":25},"end":{"line":225,"column":48}},"type":"cond-expr","locations":[{"start":{"line":225,"column":40},"end":{"line":225,"column":43}},{"start":{"line":225,"column":46},"end":{"line":225,"column":48}}],"line":225},"61":{"loc":{"start":{"line":229,"column":8},"end":{"line":237,"column":11}},"type":"if","locations":[{"start":{"line":229,"column":8},"end":{"line":237,"column":11}},{"start":{},"end":{}}],"line":229},"62":{"loc":{"start":{"line":230,"column":10},"end":{"line":231,"column":56}},"type":"binary-expr","locations":[{"start":{"line":230,"column":10},"end":{"line":230,"column":44}},{"start":{"line":231,"column":10},"end":{"line":231,"column":56}}],"line":230},"63":{"loc":{"start":{"line":234,"column":15},"end":{"line":234,"column":45}},"type":"cond-expr","locations":[{"start":{"line":234,"column":30},"end":{"line":234,"column":35}},{"start":{"line":234,"column":38},"end":{"line":234,"column":45}}],"line":234},"64":{"loc":{"start":{"line":239,"column":8},"end":{"line":247,"column":11}},"type":"if","locations":[{"start":{"line":239,"column":8},"end":{"line":247,"column":11}},{"start":{},"end":{}}],"line":239},"65":{"loc":{"start":{"line":240,"column":10},"end":{"line":241,"column":56}},"type":"binary-expr","locations":[{"start":{"line":240,"column":10},"end":{"line":240,"column":44}},{"start":{"line":241,"column":10},"end":{"line":241,"column":56}}],"line":240},"66":{"loc":{"start":{"line":244,"column":15},"end":{"line":244,"column":45}},"type":"cond-expr","locations":[{"start":{"line":244,"column":30},"end":{"line":244,"column":35}},{"start":{"line":244,"column":38},"end":{"line":244,"column":45}}],"line":244},"67":{"loc":{"start":{"line":253,"column":33},"end":{"line":253,"column":42}},"type":"binary-expr","locations":[{"start":{"line":253,"column":33},"end":{"line":253,"column":36}},{"start":{"line":253,"column":40},"end":{"line":253,"column":42}}],"line":253},"68":{"loc":{"start":{"line":254,"column":24},"end":{"line":254,"column":33}},"type":"binary-expr","locations":[{"start":{"line":254,"column":24},"end":{"line":254,"column":27}},{"start":{"line":254,"column":31},"end":{"line":254,"column":33}}],"line":254},"69":{"loc":{"start":{"line":259,"column":16},"end":{"line":259,"column":36}},"type":"binary-expr","locations":[{"start":{"line":259,"column":16},"end":{"line":259,"column":28}},{"start":{"line":259,"column":32},"end":{"line":259,"column":36}}],"line":259},"70":{"loc":{"start":{"line":260,"column":27},"end":{"line":260,"column":50}},"type":"cond-expr","locations":[{"start":{"line":260,"column":42},"end":{"line":260,"column":45}},{"start":{"line":260,"column":48},"end":{"line":260,"column":50}}],"line":260},"71":{"loc":{"start":{"line":266,"column":8},"end":{"line":271,"column":11}},"type":"if","locations":[{"start":{"line":266,"column":8},"end":{"line":271,"column":11}},{"start":{},"end":{}}],"line":266},"72":{"loc":{"start":{"line":266,"column":12},"end":{"line":266,"column":73}},"type":"binary-expr","locations":[{"start":{"line":266,"column":12},"end":{"line":266,"column":41}},{"start":{"line":266,"column":45},"end":{"line":266,"column":73}}],"line":266},"73":{"loc":{"start":{"line":268,"column":15},"end":{"line":268,"column":45}},"type":"cond-expr","locations":[{"start":{"line":268,"column":30},"end":{"line":268,"column":35}},{"start":{"line":268,"column":38},"end":{"line":268,"column":45}}],"line":268},"74":{"loc":{"start":{"line":273,"column":8},"end":{"line":278,"column":11}},"type":"if","locations":[{"start":{"line":273,"column":8},"end":{"line":278,"column":11}},{"start":{},"end":{}}],"line":273},"75":{"loc":{"start":{"line":273,"column":12},"end":{"line":273,"column":73}},"type":"binary-expr","locations":[{"start":{"line":273,"column":12},"end":{"line":273,"column":41}},{"start":{"line":273,"column":45},"end":{"line":273,"column":73}}],"line":273},"76":{"loc":{"start":{"line":275,"column":15},"end":{"line":275,"column":45}},"type":"cond-expr","locations":[{"start":{"line":275,"column":30},"end":{"line":275,"column":35}},{"start":{"line":275,"column":38},"end":{"line":275,"column":45}}],"line":275},"77":{"loc":{"start":{"line":280,"column":8},"end":{"line":288,"column":11}},"type":"if","locations":[{"start":{"line":280,"column":8},"end":{"line":288,"column":11}},{"start":{},"end":{}}],"line":280},"78":{"loc":{"start":{"line":281,"column":10},"end":{"line":284,"column":21}},"type":"binary-expr","locations":[{"start":{"line":281,"column":10},"end":{"line":281,"column":28}},{"start":{"line":282,"column":10},"end":{"line":284,"column":21}}],"line":281},"79":{"loc":{"start":{"line":287,"column":15},"end":{"line":287,"column":45}},"type":"cond-expr","locations":[{"start":{"line":287,"column":30},"end":{"line":287,"column":35}},{"start":{"line":287,"column":38},"end":{"line":287,"column":45}}],"line":287},"80":{"loc":{"start":{"line":298,"column":8},"end":{"line":299,"column":80}},"type":"if","locations":[{"start":{"line":298,"column":8},"end":{"line":299,"column":80}},{"start":{},"end":{}}],"line":298},"81":{"loc":{"start":{"line":299,"column":29},"end":{"line":299,"column":59}},"type":"cond-expr","locations":[{"start":{"line":299,"column":44},"end":{"line":299,"column":49}},{"start":{"line":299,"column":52},"end":{"line":299,"column":59}}],"line":299},"82":{"loc":{"start":{"line":301,"column":8},"end":{"line":306,"column":11}},"type":"if","locations":[{"start":{"line":301,"column":8},"end":{"line":306,"column":11}},{"start":{},"end":{}}],"line":301},"83":{"loc":{"start":{"line":301,"column":12},"end":{"line":301,"column":75}},"type":"binary-expr","locations":[{"start":{"line":301,"column":12},"end":{"line":301,"column":42}},{"start":{"line":301,"column":46},"end":{"line":301,"column":75}}],"line":301},"84":{"loc":{"start":{"line":303,"column":15},"end":{"line":303,"column":45}},"type":"cond-expr","locations":[{"start":{"line":303,"column":30},"end":{"line":303,"column":35}},{"start":{"line":303,"column":38},"end":{"line":303,"column":45}}],"line":303},"85":{"loc":{"start":{"line":305,"column":25},"end":{"line":305,"column":56}},"type":"cond-expr","locations":[{"start":{"line":305,"column":48},"end":{"line":305,"column":51}},{"start":{"line":305,"column":54},"end":{"line":305,"column":56}}],"line":305},"86":{"loc":{"start":{"line":308,"column":8},"end":{"line":313,"column":11}},"type":"if","locations":[{"start":{"line":308,"column":8},"end":{"line":313,"column":11}},{"start":{},"end":{}}],"line":308},"87":{"loc":{"start":{"line":308,"column":12},"end":{"line":308,"column":75}},"type":"binary-expr","locations":[{"start":{"line":308,"column":12},"end":{"line":308,"column":42}},{"start":{"line":308,"column":46},"end":{"line":308,"column":75}}],"line":308},"88":{"loc":{"start":{"line":310,"column":15},"end":{"line":310,"column":45}},"type":"cond-expr","locations":[{"start":{"line":310,"column":30},"end":{"line":310,"column":35}},{"start":{"line":310,"column":38},"end":{"line":310,"column":45}}],"line":310},"89":{"loc":{"start":{"line":312,"column":25},"end":{"line":312,"column":56}},"type":"cond-expr","locations":[{"start":{"line":312,"column":48},"end":{"line":312,"column":51}},{"start":{"line":312,"column":54},"end":{"line":312,"column":56}}],"line":312},"90":{"loc":{"start":{"line":315,"column":8},"end":{"line":321,"column":11}},"type":"if","locations":[{"start":{"line":315,"column":8},"end":{"line":321,"column":11}},{"start":{},"end":{}}],"line":315},"91":{"loc":{"start":{"line":316,"column":10},"end":{"line":317,"column":56}},"type":"binary-expr","locations":[{"start":{"line":316,"column":10},"end":{"line":316,"column":38}},{"start":{"line":317,"column":10},"end":{"line":317,"column":56}}],"line":316},"92":{"loc":{"start":{"line":320,"column":15},"end":{"line":320,"column":45}},"type":"cond-expr","locations":[{"start":{"line":320,"column":30},"end":{"line":320,"column":35}},{"start":{"line":320,"column":38},"end":{"line":320,"column":45}}],"line":320},"93":{"loc":{"start":{"line":328,"column":8},"end":{"line":331,"column":11}},"type":"if","locations":[{"start":{"line":328,"column":8},"end":{"line":331,"column":11}},{"start":{},"end":{}}],"line":328},"94":{"loc":{"start":{"line":330,"column":15},"end":{"line":330,"column":45}},"type":"cond-expr","locations":[{"start":{"line":330,"column":30},"end":{"line":330,"column":35}},{"start":{"line":330,"column":38},"end":{"line":330,"column":45}}],"line":330}},"s":{"0":1,"1":0,"2":0,"3":3,"4":3,"5":3,"6":3,"7":1,"8":1,"9":2,"10":1,"11":1,"12":0,"13":1,"14":0,"15":1,"16":0,"17":0,"18":0,"19":0,"20":0,"21":0,"22":0,"23":0,"24":0,"25":0,"26":0,"27":0,"28":0,"29":0,"30":0,"31":0,"32":0,"33":0,"34":0,"35":0,"36":0,"37":0,"38":0,"39":0,"40":0,"41":0,"42":0,"43":0,"44":0,"45":0,"46":0,"47":0,"48":0,"49":0,"50":0,"51":0,"52":0,"53":0,"54":0,"55":0,"56":0,"57":0,"58":0,"59":0,"60":0,"61":0,"62":0,"63":0,"64":0,"65":0,"66":0,"67":0,"68":0,"69":0,"70":0,"71":0,"72":0,"73":0,"74":0,"75":0,"76":0,"77":0,"78":0,"79":0,"80":0,"81":0,"82":0,"83":0,"84":0,"85":0,"86":0,"87":0,"88":0,"89":0,"90":0,"91":0,"92":0,"93":0,"94":0,"95":0,"96":0,"97":0,"98":0,"99":0,"100":0,"101":0,"102":0,"103":0,"104":0,"105":0,"106":0,"107":0,"108":0,"109":0,"110":0,"111":0,"112":0,"113":0,"114":0,"115":0,"116":0,"117":0,"118":0,"119":0,"120":0,"121":0,"122":0,"123":0,"124":0,"125":0,"126":0,"127":0},"f":{"0":0,"1":3,"2":3,"3":1,"4":1,"5":0,"6":0,"7":0,"8":0,"9":0},"b":{"0":[3,0],"1":[1,2],"2":[0],"3":[0,0],"4":[0,0],"5":[0,0],"6":[0,0],"7":[0,0],"8":[0,0],"9":[0,0],"10":[0,0],"11":[0,0],"12":[0,0],"13":[0,0],"14":[0,0],"15":[0,0],"16":[0,0],"17":[0,0],"18":[0,0],"19":[0,0],"20":[0],"21":[0,0],"22":[0,0],"23":[0,0],"24":[0],"25":[0,0,0,0,0,0,0,0],"26":[0,0],"27":[0,0],"28":[0,0],"29":[0,0],"30":[0,0],"31":[0,0],"32":[0,0],"33":[0,0],"34":[0,0],"35":[0,0],"36":[0,0],"37":[0,0],"38":[0,0],"39":[0,0],"40":[0,0],"41":[0],"42":[0,0],"43":[0,0],"44":[0,0],"45":[0,0],"46":[0,0],"47":[0,0],"48":[0,0,0,0,0,0,0],"49":[0,0],"50":[0,0],"51":[0,0],"52":[0,0],"53":[0,0],"54":[0,0,0],"55":[0,0],"56":[0,0],"57":[0,0],"58":[0,0],"59":[0,0],"60":[0,0],"61":[0,0],"62":[0,0],"63":[0,0],"64":[0,0],"65":[0,0],"66":[0,0],"67":[0,0],"68":[0,0],"69":[0,0],"70":[0,0],"71":[0,0],"72":[0,0],"73":[0,0],"74":[0,0],"75":[0,0],"76":[0,0],"77":[0,0],"78":[0,0],"79":[0,0],"80":[0,0],"81":[0,0],"82":[0,0],"83":[0,0],"84":[0,0],"85":[0,0],"86":[0,0],"87":[0,0],"88":[0,0],"89":[0,0],"90":[0,0],"91":[0,0],"92":[0,0],"93":[0,0],"94":[0,0]},"_coverageSchema":"1a1c01bbd47fc00a2c39e90264f33305004495a9","hash":"854c841928e8d45d36b13a5d3447a29ccb22da42"}
}
