{"/Users/guillaume/perso/apify/src/classes/Api.js": {"path":"/Users/guillaume/perso/apify/src/classes/Api.js","statementMap":{"0":{"start":{"line":5,"column":4},"end":{"line":5,"column":22}}},"fnMap":{"0":{"name":"(anonymous_0)","decl":{"start":{"line":4,"column":2},"end":{"line":4,"column":3}},"loc":{"start":{"line":4,"column":26},"end":{"line":6,"column":3}},"line":4},"1":{"name":"(anonymous_1)","decl":{"start":{"line":8,"column":2},"end":{"line":8,"column":3}},"loc":{"start":{"line":8,"column":11},"end":{"line":10,"column":3}},"line":8}},"branchMap":{"0":{"loc":{"start":{"line":4,"column":15},"end":{"line":4,"column":24}},"type":"default-arg","locations":[{"start":{"line":4,"column":22},"end":{"line":4,"column":24}}],"line":4}},"s":{"0":0},"f":{"0":0,"1":0},"b":{"0":[0]}}
,"/Users/guillaume/perso/apify/src/classes/Conf.js": {"path":"/Users/guillaume/perso/apify/src/classes/Conf.js","statementMap":{"0":{"start":{"line":20,"column":4},"end":{"line":20,"column":53}},"1":{"start":{"line":24,"column":4},"end":{"line":24,"column":39}},"2":{"start":{"line":28,"column":4},"end":{"line":30,"column":5}},"3":{"start":{"line":29,"column":6},"end":{"line":29,"column":29}},"4":{"start":{"line":34,"column":14},"end":{"line":34,"column":31}},"5":{"start":{"line":35,"column":4},"end":{"line":37,"column":5}},"6":{"start":{"line":36,"column":6},"end":{"line":36,"column":14}},"7":{"start":{"line":38,"column":4},"end":{"line":38,"column":19}},"8":{"start":{"line":39,"column":4},"end":{"line":39,"column":22}}},"fnMap":{"0":{"name":"(anonymous_0)","decl":{"start":{"line":19,"column":2},"end":{"line":19,"column":3}},"loc":{"start":{"line":19,"column":40},"end":{"line":21,"column":3}},"line":19},"1":{"name":"(anonymous_1)","decl":{"start":{"line":23,"column":2},"end":{"line":23,"column":3}},"loc":{"start":{"line":23,"column":26},"end":{"line":25,"column":3}},"line":23},"2":{"name":"(anonymous_2)","decl":{"start":{"line":27,"column":2},"end":{"line":27,"column":3}},"loc":{"start":{"line":27,"column":23},"end":{"line":31,"column":3}},"line":27},"3":{"name":"(anonymous_3)","decl":{"start":{"line":33,"column":2},"end":{"line":33,"column":3}},"loc":{"start":{"line":33,"column":29},"end":{"line":40,"column":3}},"line":33}},"branchMap":{"0":{"loc":{"start":{"line":19,"column":19},"end":{"line":19,"column":38}},"type":"default-arg","locations":[{"start":{"line":19,"column":34},"end":{"line":19,"column":38}}],"line":19},"1":{"loc":{"start":{"line":35,"column":4},"end":{"line":37,"column":5}},"type":"if","locations":[{"start":{"line":35,"column":4},"end":{"line":37,"column":5}},{"start":{},"end":{}}],"line":35},"2":{"loc":{"start":{"line":35,"column":8},"end":{"line":35,"column":46}},"type":"binary-expr","locations":[{"start":{"line":35,"column":8},"end":{"line":35,"column":12}},{"start":{"line":35,"column":16},"end":{"line":35,"column":46}}],"line":35}},"s":{"0":22,"1":8,"2":1,"3":2,"4":2,"5":2,"6":1,"7":2,"8":2},"f":{"0":22,"1":8,"2":1,"3":2},"b":{"0":[11],"1":[1,1],"2":[2,2]},"_coverageSchema":"1a1c01bbd47fc00a2c39e90264f33305004495a9","hash":"ca88f731425dc38e3e5ae32c92e23e187d615f45"}
,"/Users/guillaume/perso/apify/src/classes/SchemaValidator.js": {"path":"/Users/guillaume/perso/apify/src/classes/SchemaValidator.js","statementMap":{"0":{"start":{"line":6,"column":20},"end":{"line":6,"column":22}},"1":{"start":{"line":10,"column":22},"end":{"line":10,"column":56}},"2":{"start":{"line":11,"column":4},"end":{"line":11,"column":52}},"3":{"start":{"line":15,"column":4},"end":{"line":36,"column":6}},"4":{"start":{"line":16,"column":6},"end":{"line":35,"column":7}},"5":{"start":{"line":17,"column":25},"end":{"line":20,"column":9}},"6":{"start":{"line":21,"column":8},"end":{"line":24,"column":9}},"7":{"start":{"line":22,"column":10},"end":{"line":22,"column":59}},"8":{"start":{"line":23,"column":10},"end":{"line":23,"column":16}},"9":{"start":{"line":25,"column":8},"end":{"line":32,"column":10}},"10":{"start":{"line":26,"column":10},"end":{"line":31,"column":11}},"11":{"start":{"line":27,"column":12},"end":{"line":27,"column":61}},"12":{"start":{"line":28,"column":12},"end":{"line":28,"column":61}},"13":{"start":{"line":30,"column":12},"end":{"line":30,"column":65}},"14":{"start":{"line":34,"column":8},"end":{"line":34,"column":57}},"15":{"start":{"line":40,"column":4},"end":{"line":40,"column":24}},"16":{"start":{"line":44,"column":4},"end":{"line":45,"column":76}},"17":{"start":{"line":45,"column":6},"end":{"line":45,"column":76}},"18":{"start":{"line":47,"column":4},"end":{"line":55,"column":7}},"19":{"start":{"line":51,"column":6},"end":{"line":55,"column":7}},"20":{"start":{"line":57,"column":4},"end":{"line":62,"column":7}},"21":{"start":{"line":58,"column":6},"end":{"line":62,"column":7}},"22":{"start":{"line":64,"column":4},"end":{"line":69,"column":7}},"23":{"start":{"line":65,"column":6},"end":{"line":69,"column":7}},"24":{"start":{"line":71,"column":4},"end":{"line":76,"column":7}},"25":{"start":{"line":72,"column":6},"end":{"line":76,"column":7}},"26":{"start":{"line":78,"column":4},"end":{"line":83,"column":7}},"27":{"start":{"line":79,"column":6},"end":{"line":83,"column":7}},"28":{"start":{"line":87,"column":4},"end":{"line":87,"column":41}},"29":{"start":{"line":87,"column":35},"end":{"line":87,"column":41}},"30":{"start":{"line":89,"column":4},"end":{"line":97,"column":5}},"31":{"start":{"line":90,"column":6},"end":{"line":96,"column":7}},"32":{"start":{"line":91,"column":8},"end":{"line":95,"column":9}},"33":{"start":{"line":101,"column":4},"end":{"line":166,"column":5}},"34":{"start":{"line":103,"column":8},"end":{"line":103,"column":24}},"35":{"start":{"line":104,"column":8},"end":{"line":107,"column":11}},"36":{"start":{"line":105,"column":10},"end":{"line":107,"column":11}},"37":{"start":{"line":108,"column":8},"end":{"line":108,"column":39}},"38":{"start":{"line":110,"column":8},"end":{"line":110,"column":24}},"39":{"start":{"line":111,"column":8},"end":{"line":114,"column":11}},"40":{"start":{"line":112,"column":10},"end":{"line":114,"column":11}},"41":{"start":{"line":115,"column":8},"end":{"line":115,"column":52}},"42":{"start":{"line":118,"column":8},"end":{"line":127,"column":11}},"43":{"start":{"line":123,"column":10},"end":{"line":127,"column":11}},"44":{"start":{"line":128,"column":8},"end":{"line":128,"column":13}},"45":{"start":{"line":130,"column":8},"end":{"line":137,"column":11}},"46":{"start":{"line":135,"column":10},"end":{"line":137,"column":11}},"47":{"start":{"line":138,"column":8},"end":{"line":138,"column":13}},"48":{"start":{"line":140,"column":8},"end":{"line":147,"column":11}},"49":{"start":{"line":145,"column":10},"end":{"line":147,"column":11}},"50":{"start":{"line":148,"column":8},"end":{"line":148,"column":13}},"51":{"start":{"line":150,"column":8},"end":{"line":153,"column":11}},"52":{"start":{"line":151,"column":10},"end":{"line":153,"column":11}},"53":{"start":{"line":154,"column":8},"end":{"line":154,"column":13}},"54":{"start":{"line":156,"column":8},"end":{"line":163,"column":11}},"55":{"start":{"line":161,"column":10},"end":{"line":163,"column":11}},"56":{"start":{"line":164,"column":8},"end":{"line":164,"column":65}},"57":{"start":{"line":164,"column":44},"end":{"line":164,"column":65}},"58":{"start":{"line":165,"column":8},"end":{"line":165,"column":13}},"59":{"start":{"line":168,"column":4},"end":{"line":168,"column":14}},"60":{"start":{"line":172,"column":4},"end":{"line":172,"column":35}},"61":{"start":{"line":172,"column":25},"end":{"line":172,"column":35}},"62":{"start":{"line":173,"column":4},"end":{"line":176,"column":7}},"63":{"start":{"line":174,"column":6},"end":{"line":176,"column":7}},"64":{"start":{"line":178,"column":4},"end":{"line":180,"column":5}},"65":{"start":{"line":179,"column":6},"end":{"line":179,"column":53}},"66":{"start":{"line":182,"column":4},"end":{"line":323,"column":5}},"67":{"start":{"line":184,"column":8},"end":{"line":185,"column":76}},"68":{"start":{"line":185,"column":10},"end":{"line":185,"column":76}},"69":{"start":{"line":186,"column":8},"end":{"line":186,"column":13}},"70":{"start":{"line":188,"column":8},"end":{"line":191,"column":11}},"71":{"start":{"line":189,"column":10},"end":{"line":191,"column":11}},"72":{"start":{"line":192,"column":8},"end":{"line":192,"column":13}},"73":{"start":{"line":194,"column":18},"end":{"line":194,"column":20}},"74":{"start":{"line":196,"column":8},"end":{"line":202,"column":9}},"75":{"start":{"line":197,"column":10},"end":{"line":201,"column":11}},"76":{"start":{"line":198,"column":12},"end":{"line":200,"column":13}},"77":{"start":{"line":204,"column":8},"end":{"line":210,"column":9}},"78":{"start":{"line":205,"column":10},"end":{"line":209,"column":11}},"79":{"start":{"line":212,"column":8},"end":{"line":217,"column":9}},"80":{"start":{"line":213,"column":10},"end":{"line":216,"column":13}},"81":{"start":{"line":214,"column":12},"end":{"line":216,"column":13}},"82":{"start":{"line":219,"column":8},"end":{"line":227,"column":11}},"83":{"start":{"line":223,"column":10},"end":{"line":227,"column":11}},"84":{"start":{"line":229,"column":8},"end":{"line":237,"column":11}},"85":{"start":{"line":233,"column":10},"end":{"line":237,"column":11}},"86":{"start":{"line":239,"column":8},"end":{"line":239,"column":18}},"87":{"start":{"line":241,"column":18},"end":{"line":241,"column":20}},"88":{"start":{"line":243,"column":8},"end":{"line":252,"column":9}},"89":{"start":{"line":243,"column":23},"end":{"line":243,"column":24}},"90":{"start":{"line":244,"column":23},"end":{"line":244,"column":39}},"91":{"start":{"line":245,"column":10},"end":{"line":251,"column":11}},"92":{"start":{"line":254,"column":8},"end":{"line":259,"column":11}},"93":{"start":{"line":255,"column":10},"end":{"line":259,"column":11}},"94":{"start":{"line":261,"column":8},"end":{"line":266,"column":11}},"95":{"start":{"line":262,"column":10},"end":{"line":266,"column":11}},"96":{"start":{"line":268,"column":8},"end":{"line":276,"column":11}},"97":{"start":{"line":271,"column":47},"end":{"line":271,"column":76}},"98":{"start":{"line":274,"column":10},"end":{"line":276,"column":11}},"99":{"start":{"line":278,"column":8},"end":{"line":278,"column":45}},"100":{"start":{"line":280,"column":8},"end":{"line":280,"column":18}},"101":{"start":{"line":282,"column":8},"end":{"line":282,"column":47}},"102":{"start":{"line":283,"column":8},"end":{"line":283,"column":47}},"103":{"start":{"line":284,"column":8},"end":{"line":284,"column":13}},"104":{"start":{"line":286,"column":8},"end":{"line":287,"column":80}},"105":{"start":{"line":287,"column":10},"end":{"line":287,"column":80}},"106":{"start":{"line":289,"column":8},"end":{"line":294,"column":11}},"107":{"start":{"line":290,"column":10},"end":{"line":294,"column":11}},"108":{"start":{"line":296,"column":8},"end":{"line":301,"column":11}},"109":{"start":{"line":297,"column":10},"end":{"line":301,"column":11}},"110":{"start":{"line":303,"column":8},"end":{"line":310,"column":9}},"111":{"start":{"line":307,"column":10},"end":{"line":309,"column":11}},"112":{"start":{"line":312,"column":8},"end":{"line":312,"column":53}},"113":{"start":{"line":313,"column":8},"end":{"line":313,"column":47}},"114":{"start":{"line":314,"column":8},"end":{"line":314,"column":13}},"115":{"start":{"line":316,"column":8},"end":{"line":316,"column":47}},"116":{"start":{"line":317,"column":8},"end":{"line":320,"column":11}},"117":{"start":{"line":318,"column":10},"end":{"line":320,"column":11}},"118":{"start":{"line":321,"column":8},"end":{"line":321,"column":47}},"119":{"start":{"line":322,"column":8},"end":{"line":322,"column":13}},"120":{"start":{"line":325,"column":4},"end":{"line":325,"column":14}}},"fnMap":{"0":{"name":"(anonymous_0)","decl":{"start":{"line":9,"column":2},"end":{"line":9,"column":3}},"loc":{"start":{"line":9,"column":36},"end":{"line":12,"column":3}},"line":9},"1":{"name":"(anonymous_1)","decl":{"start":{"line":14,"column":2},"end":{"line":14,"column":3}},"loc":{"start":{"line":14,"column":23},"end":{"line":37,"column":3}},"line":14},"2":{"name":"(anonymous_2)","decl":{"start":{"line":15,"column":23},"end":{"line":15,"column":24}},"loc":{"start":{"line":15,"column":44},"end":{"line":36,"column":5}},"line":15},"3":{"name":"(anonymous_3)","decl":{"start":{"line":25,"column":30},"end":{"line":25,"column":31}},"loc":{"start":{"line":25,"column":45},"end":{"line":32,"column":9}},"line":25},"4":{"name":"(anonymous_4)","decl":{"start":{"line":39,"column":2},"end":{"line":39,"column":3}},"loc":{"start":{"line":39,"column":23},"end":{"line":41,"column":3}},"line":39},"5":{"name":"(anonymous_5)","decl":{"start":{"line":43,"column":2},"end":{"line":43,"column":3}},"loc":{"start":{"line":43,"column":43},"end":{"line":84,"column":3}},"line":43},"6":{"name":"(anonymous_6)","decl":{"start":{"line":86,"column":2},"end":{"line":86,"column":3}},"loc":{"start":{"line":86,"column":41},"end":{"line":98,"column":3}},"line":86},"7":{"name":"(anonymous_7)","decl":{"start":{"line":100,"column":2},"end":{"line":100,"column":3}},"loc":{"start":{"line":100,"column":43},"end":{"line":169,"column":3}},"line":100},"8":{"name":"(anonymous_8)","decl":{"start":{"line":171,"column":2},"end":{"line":171,"column":3}},"loc":{"start":{"line":171,"column":43},"end":{"line":326,"column":3}},"line":171},"9":{"name":"(anonymous_9)","decl":{"start":{"line":271,"column":23},"end":{"line":271,"column":24}},"loc":{"start":{"line":271,"column":47},"end":{"line":271,"column":76}},"line":271}},"branchMap":{"0":{"loc":{"start":{"line":16,"column":6},"end":{"line":35,"column":7}},"type":"if","locations":[{"start":{"line":16,"column":6},"end":{"line":35,"column":7}},{"start":{"line":33,"column":13},"end":{"line":35,"column":7}}],"line":16},"1":{"loc":{"start":{"line":21,"column":8},"end":{"line":24,"column":9}},"type":"if","locations":[{"start":{"line":21,"column":8},"end":{"line":24,"column":9}},{"start":{},"end":{}}],"line":21},"2":{"loc":{"start":{"line":43,"column":31},"end":{"line":43,"column":41}},"type":"default-arg","locations":[{"start":{"line":43,"column":39},"end":{"line":43,"column":41}}],"line":43},"3":{"loc":{"start":{"line":44,"column":4},"end":{"line":45,"column":76}},"type":"if","locations":[{"start":{"line":44,"column":4},"end":{"line":45,"column":76}},{"start":{},"end":{}}],"line":44},"4":{"loc":{"start":{"line":45,"column":25},"end":{"line":45,"column":55}},"type":"cond-expr","locations":[{"start":{"line":45,"column":40},"end":{"line":45,"column":45}},{"start":{"line":45,"column":48},"end":{"line":45,"column":55}}],"line":45},"5":{"loc":{"start":{"line":47,"column":4},"end":{"line":55,"column":7}},"type":"if","locations":[{"start":{"line":47,"column":4},"end":{"line":55,"column":7}},{"start":{},"end":{}}],"line":47},"6":{"loc":{"start":{"line":48,"column":6},"end":{"line":49,"column":57}},"type":"binary-expr","locations":[{"start":{"line":48,"column":6},"end":{"line":48,"column":37}},{"start":{"line":49,"column":6},"end":{"line":49,"column":57}}],"line":48},"7":{"loc":{"start":{"line":52,"column":11},"end":{"line":52,"column":41}},"type":"cond-expr","locations":[{"start":{"line":52,"column":26},"end":{"line":52,"column":31}},{"start":{"line":52,"column":34},"end":{"line":52,"column":41}}],"line":52},"8":{"loc":{"start":{"line":57,"column":4},"end":{"line":62,"column":7}},"type":"if","locations":[{"start":{"line":57,"column":4},"end":{"line":62,"column":7}},{"start":{},"end":{}}],"line":57},"9":{"loc":{"start":{"line":57,"column":8},"end":{"line":57,"column":60}},"type":"binary-expr","locations":[{"start":{"line":57,"column":8},"end":{"line":57,"column":36}},{"start":{"line":57,"column":40},"end":{"line":57,"column":60}}],"line":57},"10":{"loc":{"start":{"line":59,"column":11},"end":{"line":59,"column":41}},"type":"cond-expr","locations":[{"start":{"line":59,"column":26},"end":{"line":59,"column":31}},{"start":{"line":59,"column":34},"end":{"line":59,"column":41}}],"line":59},"11":{"loc":{"start":{"line":64,"column":4},"end":{"line":69,"column":7}},"type":"if","locations":[{"start":{"line":64,"column":4},"end":{"line":69,"column":7}},{"start":{},"end":{}}],"line":64},"12":{"loc":{"start":{"line":64,"column":8},"end":{"line":64,"column":60}},"type":"binary-expr","locations":[{"start":{"line":64,"column":8},"end":{"line":64,"column":36}},{"start":{"line":64,"column":40},"end":{"line":64,"column":60}}],"line":64},"13":{"loc":{"start":{"line":66,"column":11},"end":{"line":66,"column":41}},"type":"cond-expr","locations":[{"start":{"line":66,"column":26},"end":{"line":66,"column":31}},{"start":{"line":66,"column":34},"end":{"line":66,"column":41}}],"line":66},"14":{"loc":{"start":{"line":71,"column":4},"end":{"line":76,"column":7}},"type":"if","locations":[{"start":{"line":71,"column":4},"end":{"line":76,"column":7}},{"start":{},"end":{}}],"line":71},"15":{"loc":{"start":{"line":71,"column":8},"end":{"line":71,"column":79}},"type":"binary-expr","locations":[{"start":{"line":71,"column":8},"end":{"line":71,"column":45}},{"start":{"line":71,"column":49},"end":{"line":71,"column":79}}],"line":71},"16":{"loc":{"start":{"line":73,"column":11},"end":{"line":73,"column":41}},"type":"cond-expr","locations":[{"start":{"line":73,"column":26},"end":{"line":73,"column":31}},{"start":{"line":73,"column":34},"end":{"line":73,"column":41}}],"line":73},"17":{"loc":{"start":{"line":78,"column":4},"end":{"line":83,"column":7}},"type":"if","locations":[{"start":{"line":78,"column":4},"end":{"line":83,"column":7}},{"start":{},"end":{}}],"line":78},"18":{"loc":{"start":{"line":78,"column":8},"end":{"line":78,"column":79}},"type":"binary-expr","locations":[{"start":{"line":78,"column":8},"end":{"line":78,"column":45}},{"start":{"line":78,"column":49},"end":{"line":78,"column":79}}],"line":78},"19":{"loc":{"start":{"line":80,"column":11},"end":{"line":80,"column":41}},"type":"cond-expr","locations":[{"start":{"line":80,"column":26},"end":{"line":80,"column":31}},{"start":{"line":80,"column":34},"end":{"line":80,"column":41}}],"line":80},"20":{"loc":{"start":{"line":86,"column":29},"end":{"line":86,"column":39}},"type":"default-arg","locations":[{"start":{"line":86,"column":37},"end":{"line":86,"column":39}}],"line":86},"21":{"loc":{"start":{"line":87,"column":4},"end":{"line":87,"column":41}},"type":"if","locations":[{"start":{"line":87,"column":4},"end":{"line":87,"column":41}},{"start":{},"end":{}}],"line":87},"22":{"loc":{"start":{"line":90,"column":6},"end":{"line":96,"column":7}},"type":"if","locations":[{"start":{"line":90,"column":6},"end":{"line":96,"column":7}},{"start":{},"end":{}}],"line":90},"23":{"loc":{"start":{"line":92,"column":13},"end":{"line":92,"column":43}},"type":"cond-expr","locations":[{"start":{"line":92,"column":28},"end":{"line":92,"column":33}},{"start":{"line":92,"column":36},"end":{"line":92,"column":43}}],"line":92},"24":{"loc":{"start":{"line":100,"column":31},"end":{"line":100,"column":41}},"type":"default-arg","locations":[{"start":{"line":100,"column":39},"end":{"line":100,"column":41}}],"line":100},"25":{"loc":{"start":{"line":101,"column":4},"end":{"line":166,"column":5}},"type":"switch","locations":[{"start":{"line":102,"column":6},"end":{"line":108,"column":39}},{"start":{"line":109,"column":6},"end":{"line":115,"column":52}},{"start":{"line":116,"column":6},"end":{"line":116,"column":18}},{"start":{"line":117,"column":6},"end":{"line":128,"column":13}},{"start":{"line":129,"column":6},"end":{"line":138,"column":13}},{"start":{"line":139,"column":6},"end":{"line":148,"column":13}},{"start":{"line":149,"column":6},"end":{"line":154,"column":13}},{"start":{"line":155,"column":6},"end":{"line":165,"column":13}}],"line":101},"26":{"loc":{"start":{"line":104,"column":8},"end":{"line":107,"column":11}},"type":"if","locations":[{"start":{"line":104,"column":8},"end":{"line":107,"column":11}},{"start":{},"end":{}}],"line":104},"27":{"loc":{"start":{"line":106,"column":15},"end":{"line":106,"column":45}},"type":"cond-expr","locations":[{"start":{"line":106,"column":30},"end":{"line":106,"column":35}},{"start":{"line":106,"column":38},"end":{"line":106,"column":45}}],"line":106},"28":{"loc":{"start":{"line":111,"column":8},"end":{"line":114,"column":11}},"type":"if","locations":[{"start":{"line":111,"column":8},"end":{"line":114,"column":11}},{"start":{},"end":{}}],"line":111},"29":{"loc":{"start":{"line":113,"column":15},"end":{"line":113,"column":45}},"type":"cond-expr","locations":[{"start":{"line":113,"column":30},"end":{"line":113,"column":35}},{"start":{"line":113,"column":38},"end":{"line":113,"column":45}}],"line":113},"30":{"loc":{"start":{"line":118,"column":8},"end":{"line":127,"column":11}},"type":"if","locations":[{"start":{"line":118,"column":8},"end":{"line":127,"column":11}},{"start":{},"end":{}}],"line":118},"31":{"loc":{"start":{"line":125,"column":14},"end":{"line":125,"column":44}},"type":"cond-expr","locations":[{"start":{"line":125,"column":29},"end":{"line":125,"column":34}},{"start":{"line":125,"column":37},"end":{"line":125,"column":44}}],"line":125},"32":{"loc":{"start":{"line":130,"column":8},"end":{"line":137,"column":11}},"type":"if","locations":[{"start":{"line":130,"column":8},"end":{"line":137,"column":11}},{"start":{},"end":{}}],"line":130},"33":{"loc":{"start":{"line":136,"column":15},"end":{"line":136,"column":45}},"type":"cond-expr","locations":[{"start":{"line":136,"column":30},"end":{"line":136,"column":35}},{"start":{"line":136,"column":38},"end":{"line":136,"column":45}}],"line":136},"34":{"loc":{"start":{"line":140,"column":8},"end":{"line":147,"column":11}},"type":"if","locations":[{"start":{"line":140,"column":8},"end":{"line":147,"column":11}},{"start":{},"end":{}}],"line":140},"35":{"loc":{"start":{"line":146,"column":15},"end":{"line":146,"column":45}},"type":"cond-expr","locations":[{"start":{"line":146,"column":30},"end":{"line":146,"column":35}},{"start":{"line":146,"column":38},"end":{"line":146,"column":45}}],"line":146},"36":{"loc":{"start":{"line":150,"column":8},"end":{"line":153,"column":11}},"type":"if","locations":[{"start":{"line":150,"column":8},"end":{"line":153,"column":11}},{"start":{},"end":{}}],"line":150},"37":{"loc":{"start":{"line":152,"column":15},"end":{"line":152,"column":45}},"type":"cond-expr","locations":[{"start":{"line":152,"column":30},"end":{"line":152,"column":35}},{"start":{"line":152,"column":38},"end":{"line":152,"column":45}}],"line":152},"38":{"loc":{"start":{"line":156,"column":8},"end":{"line":163,"column":11}},"type":"if","locations":[{"start":{"line":156,"column":8},"end":{"line":163,"column":11}},{"start":{},"end":{}}],"line":156},"39":{"loc":{"start":{"line":162,"column":15},"end":{"line":162,"column":45}},"type":"cond-expr","locations":[{"start":{"line":162,"column":30},"end":{"line":162,"column":35}},{"start":{"line":162,"column":38},"end":{"line":162,"column":45}}],"line":162},"40":{"loc":{"start":{"line":164,"column":8},"end":{"line":164,"column":65}},"type":"if","locations":[{"start":{"line":164,"column":8},"end":{"line":164,"column":65}},{"start":{},"end":{}}],"line":164},"41":{"loc":{"start":{"line":171,"column":31},"end":{"line":171,"column":41}},"type":"default-arg","locations":[{"start":{"line":171,"column":39},"end":{"line":171,"column":41}}],"line":171},"42":{"loc":{"start":{"line":172,"column":4},"end":{"line":172,"column":35}},"type":"if","locations":[{"start":{"line":172,"column":4},"end":{"line":172,"column":35}},{"start":{},"end":{}}],"line":172},"43":{"loc":{"start":{"line":173,"column":4},"end":{"line":176,"column":7}},"type":"if","locations":[{"start":{"line":173,"column":4},"end":{"line":176,"column":7}},{"start":{},"end":{}}],"line":173},"44":{"loc":{"start":{"line":175,"column":11},"end":{"line":175,"column":41}},"type":"cond-expr","locations":[{"start":{"line":175,"column":26},"end":{"line":175,"column":31}},{"start":{"line":175,"column":34},"end":{"line":175,"column":41}}],"line":175},"45":{"loc":{"start":{"line":178,"column":4},"end":{"line":180,"column":5}},"type":"if","locations":[{"start":{"line":178,"column":4},"end":{"line":180,"column":5}},{"start":{},"end":{}}],"line":178},"46":{"loc":{"start":{"line":182,"column":4},"end":{"line":323,"column":5}},"type":"switch","locations":[{"start":{"line":183,"column":6},"end":{"line":186,"column":13}},{"start":{"line":187,"column":6},"end":{"line":192,"column":13}},{"start":{"line":193,"column":6},"end":{"line":239,"column":18}},{"start":{"line":240,"column":6},"end":{"line":280,"column":18}},{"start":{"line":281,"column":6},"end":{"line":284,"column":13}},{"start":{"line":285,"column":6},"end":{"line":314,"column":13}},{"start":{"line":315,"column":6},"end":{"line":322,"column":13}}],"line":182},"47":{"loc":{"start":{"line":184,"column":8},"end":{"line":185,"column":76}},"type":"if","locations":[{"start":{"line":184,"column":8},"end":{"line":185,"column":76}},{"start":{},"end":{}}],"line":184},"48":{"loc":{"start":{"line":185,"column":29},"end":{"line":185,"column":59}},"type":"cond-expr","locations":[{"start":{"line":185,"column":44},"end":{"line":185,"column":49}},{"start":{"line":185,"column":52},"end":{"line":185,"column":59}}],"line":185},"49":{"loc":{"start":{"line":188,"column":8},"end":{"line":191,"column":11}},"type":"if","locations":[{"start":{"line":188,"column":8},"end":{"line":191,"column":11}},{"start":{},"end":{}}],"line":188},"50":{"loc":{"start":{"line":190,"column":15},"end":{"line":190,"column":45}},"type":"cond-expr","locations":[{"start":{"line":190,"column":30},"end":{"line":190,"column":35}},{"start":{"line":190,"column":38},"end":{"line":190,"column":45}}],"line":190},"51":{"loc":{"start":{"line":197,"column":10},"end":{"line":201,"column":11}},"type":"if","locations":[{"start":{"line":197,"column":10},"end":{"line":201,"column":11}},{"start":{},"end":{}}],"line":197},"52":{"loc":{"start":{"line":207,"column":12},"end":{"line":207,"column":73}},"type":"binary-expr","locations":[{"start":{"line":207,"column":12},"end":{"line":207,"column":34}},{"start":{"line":207,"column":38},"end":{"line":207,"column":65}},{"start":{"line":207,"column":69},"end":{"line":207,"column":73}}],"line":207},"53":{"loc":{"start":{"line":208,"column":23},"end":{"line":208,"column":46}},"type":"cond-expr","locations":[{"start":{"line":208,"column":38},"end":{"line":208,"column":41}},{"start":{"line":208,"column":44},"end":{"line":208,"column":46}}],"line":208},"54":{"loc":{"start":{"line":212,"column":24},"end":{"line":212,"column":45}},"type":"binary-expr","locations":[{"start":{"line":212,"column":24},"end":{"line":212,"column":39}},{"start":{"line":212,"column":43},"end":{"line":212,"column":45}}],"line":212},"55":{"loc":{"start":{"line":213,"column":10},"end":{"line":216,"column":13}},"type":"if","locations":[{"start":{"line":213,"column":10},"end":{"line":216,"column":13}},{"start":{},"end":{}}],"line":213},"56":{"loc":{"start":{"line":215,"column":25},"end":{"line":215,"column":48}},"type":"cond-expr","locations":[{"start":{"line":215,"column":40},"end":{"line":215,"column":43}},{"start":{"line":215,"column":46},"end":{"line":215,"column":48}}],"line":215},"57":{"loc":{"start":{"line":219,"column":8},"end":{"line":227,"column":11}},"type":"if","locations":[{"start":{"line":219,"column":8},"end":{"line":227,"column":11}},{"start":{},"end":{}}],"line":219},"58":{"loc":{"start":{"line":220,"column":10},"end":{"line":221,"column":56}},"type":"binary-expr","locations":[{"start":{"line":220,"column":10},"end":{"line":220,"column":44}},{"start":{"line":221,"column":10},"end":{"line":221,"column":56}}],"line":220},"59":{"loc":{"start":{"line":224,"column":15},"end":{"line":224,"column":45}},"type":"cond-expr","locations":[{"start":{"line":224,"column":30},"end":{"line":224,"column":35}},{"start":{"line":224,"column":38},"end":{"line":224,"column":45}}],"line":224},"60":{"loc":{"start":{"line":229,"column":8},"end":{"line":237,"column":11}},"type":"if","locations":[{"start":{"line":229,"column":8},"end":{"line":237,"column":11}},{"start":{},"end":{}}],"line":229},"61":{"loc":{"start":{"line":230,"column":10},"end":{"line":231,"column":56}},"type":"binary-expr","locations":[{"start":{"line":230,"column":10},"end":{"line":230,"column":44}},{"start":{"line":231,"column":10},"end":{"line":231,"column":56}}],"line":230},"62":{"loc":{"start":{"line":234,"column":15},"end":{"line":234,"column":45}},"type":"cond-expr","locations":[{"start":{"line":234,"column":30},"end":{"line":234,"column":35}},{"start":{"line":234,"column":38},"end":{"line":234,"column":45}}],"line":234},"63":{"loc":{"start":{"line":243,"column":33},"end":{"line":243,"column":42}},"type":"binary-expr","locations":[{"start":{"line":243,"column":33},"end":{"line":243,"column":36}},{"start":{"line":243,"column":40},"end":{"line":243,"column":42}}],"line":243},"64":{"loc":{"start":{"line":244,"column":24},"end":{"line":244,"column":33}},"type":"binary-expr","locations":[{"start":{"line":244,"column":24},"end":{"line":244,"column":27}},{"start":{"line":244,"column":31},"end":{"line":244,"column":33}}],"line":244},"65":{"loc":{"start":{"line":248,"column":14},"end":{"line":248,"column":34}},"type":"binary-expr","locations":[{"start":{"line":248,"column":14},"end":{"line":248,"column":26}},{"start":{"line":248,"column":30},"end":{"line":248,"column":34}}],"line":248},"66":{"loc":{"start":{"line":249,"column":25},"end":{"line":249,"column":48}},"type":"cond-expr","locations":[{"start":{"line":249,"column":40},"end":{"line":249,"column":43}},{"start":{"line":249,"column":46},"end":{"line":249,"column":48}}],"line":249},"67":{"loc":{"start":{"line":254,"column":8},"end":{"line":259,"column":11}},"type":"if","locations":[{"start":{"line":254,"column":8},"end":{"line":259,"column":11}},{"start":{},"end":{}}],"line":254},"68":{"loc":{"start":{"line":254,"column":12},"end":{"line":254,"column":73}},"type":"binary-expr","locations":[{"start":{"line":254,"column":12},"end":{"line":254,"column":41}},{"start":{"line":254,"column":45},"end":{"line":254,"column":73}}],"line":254},"69":{"loc":{"start":{"line":256,"column":15},"end":{"line":256,"column":45}},"type":"cond-expr","locations":[{"start":{"line":256,"column":30},"end":{"line":256,"column":35}},{"start":{"line":256,"column":38},"end":{"line":256,"column":45}}],"line":256},"70":{"loc":{"start":{"line":261,"column":8},"end":{"line":266,"column":11}},"type":"if","locations":[{"start":{"line":261,"column":8},"end":{"line":266,"column":11}},{"start":{},"end":{}}],"line":261},"71":{"loc":{"start":{"line":261,"column":12},"end":{"line":261,"column":73}},"type":"binary-expr","locations":[{"start":{"line":261,"column":12},"end":{"line":261,"column":41}},{"start":{"line":261,"column":45},"end":{"line":261,"column":73}}],"line":261},"72":{"loc":{"start":{"line":263,"column":15},"end":{"line":263,"column":45}},"type":"cond-expr","locations":[{"start":{"line":263,"column":30},"end":{"line":263,"column":35}},{"start":{"line":263,"column":38},"end":{"line":263,"column":45}}],"line":263},"73":{"loc":{"start":{"line":268,"column":8},"end":{"line":276,"column":11}},"type":"if","locations":[{"start":{"line":268,"column":8},"end":{"line":276,"column":11}},{"start":{},"end":{}}],"line":268},"74":{"loc":{"start":{"line":269,"column":10},"end":{"line":272,"column":21}},"type":"binary-expr","locations":[{"start":{"line":269,"column":10},"end":{"line":269,"column":28}},{"start":{"line":270,"column":10},"end":{"line":272,"column":21}}],"line":269},"75":{"loc":{"start":{"line":275,"column":15},"end":{"line":275,"column":45}},"type":"cond-expr","locations":[{"start":{"line":275,"column":30},"end":{"line":275,"column":35}},{"start":{"line":275,"column":38},"end":{"line":275,"column":45}}],"line":275},"76":{"loc":{"start":{"line":286,"column":8},"end":{"line":287,"column":80}},"type":"if","locations":[{"start":{"line":286,"column":8},"end":{"line":287,"column":80}},{"start":{},"end":{}}],"line":286},"77":{"loc":{"start":{"line":287,"column":29},"end":{"line":287,"column":59}},"type":"cond-expr","locations":[{"start":{"line":287,"column":44},"end":{"line":287,"column":49}},{"start":{"line":287,"column":52},"end":{"line":287,"column":59}}],"line":287},"78":{"loc":{"start":{"line":289,"column":8},"end":{"line":294,"column":11}},"type":"if","locations":[{"start":{"line":289,"column":8},"end":{"line":294,"column":11}},{"start":{},"end":{}}],"line":289},"79":{"loc":{"start":{"line":289,"column":12},"end":{"line":289,"column":75}},"type":"binary-expr","locations":[{"start":{"line":289,"column":12},"end":{"line":289,"column":42}},{"start":{"line":289,"column":46},"end":{"line":289,"column":75}}],"line":289},"80":{"loc":{"start":{"line":291,"column":15},"end":{"line":291,"column":45}},"type":"cond-expr","locations":[{"start":{"line":291,"column":30},"end":{"line":291,"column":35}},{"start":{"line":291,"column":38},"end":{"line":291,"column":45}}],"line":291},"81":{"loc":{"start":{"line":293,"column":25},"end":{"line":293,"column":56}},"type":"cond-expr","locations":[{"start":{"line":293,"column":48},"end":{"line":293,"column":51}},{"start":{"line":293,"column":54},"end":{"line":293,"column":56}}],"line":293},"82":{"loc":{"start":{"line":296,"column":8},"end":{"line":301,"column":11}},"type":"if","locations":[{"start":{"line":296,"column":8},"end":{"line":301,"column":11}},{"start":{},"end":{}}],"line":296},"83":{"loc":{"start":{"line":296,"column":12},"end":{"line":296,"column":75}},"type":"binary-expr","locations":[{"start":{"line":296,"column":12},"end":{"line":296,"column":42}},{"start":{"line":296,"column":46},"end":{"line":296,"column":75}}],"line":296},"84":{"loc":{"start":{"line":298,"column":15},"end":{"line":298,"column":45}},"type":"cond-expr","locations":[{"start":{"line":298,"column":30},"end":{"line":298,"column":35}},{"start":{"line":298,"column":38},"end":{"line":298,"column":45}}],"line":298},"85":{"loc":{"start":{"line":300,"column":25},"end":{"line":300,"column":56}},"type":"cond-expr","locations":[{"start":{"line":300,"column":48},"end":{"line":300,"column":51}},{"start":{"line":300,"column":54},"end":{"line":300,"column":56}}],"line":300},"86":{"loc":{"start":{"line":303,"column":8},"end":{"line":310,"column":9}},"type":"if","locations":[{"start":{"line":303,"column":8},"end":{"line":310,"column":9}},{"start":{},"end":{}}],"line":303},"87":{"loc":{"start":{"line":304,"column":10},"end":{"line":305,"column":56}},"type":"binary-expr","locations":[{"start":{"line":304,"column":10},"end":{"line":304,"column":38}},{"start":{"line":305,"column":10},"end":{"line":305,"column":56}}],"line":304},"88":{"loc":{"start":{"line":308,"column":15},"end":{"line":308,"column":45}},"type":"cond-expr","locations":[{"start":{"line":308,"column":30},"end":{"line":308,"column":35}},{"start":{"line":308,"column":38},"end":{"line":308,"column":45}}],"line":308},"89":{"loc":{"start":{"line":317,"column":8},"end":{"line":320,"column":11}},"type":"if","locations":[{"start":{"line":317,"column":8},"end":{"line":320,"column":11}},{"start":{},"end":{}}],"line":317},"90":{"loc":{"start":{"line":319,"column":15},"end":{"line":319,"column":45}},"type":"cond-expr","locations":[{"start":{"line":319,"column":30},"end":{"line":319,"column":35}},{"start":{"line":319,"column":38},"end":{"line":319,"column":45}}],"line":319}},"s":{"0":2,"1":36,"2":36,"3":40,"4":40,"5":7,"6":7,"7":1,"8":1,"9":6,"10":5,"11":5,"12":5,"13":0,"14":33,"15":38,"16":15,"17":1,"18":14,"19":1,"20":13,"21":1,"22":12,"23":1,"24":11,"25":1,"26":10,"27":1,"28":137,"29":106,"30":31,"31":31,"32":1,"33":124,"34":12,"35":12,"36":1,"37":11,"38":2,"39":2,"40":1,"41":1,"42":2,"43":1,"44":1,"45":18,"46":1,"47":17,"48":2,"49":1,"50":1,"51":2,"52":1,"53":1,"54":17,"55":1,"56":16,"57":16,"58":16,"59":105,"60":201,"61":0,"62":201,"63":1,"64":200,"65":5,"66":195,"67":2,"68":1,"69":1,"70":2,"71":1,"72":1,"73":31,"74":31,"75":421,"76":26,"77":31,"78":146,"79":5,"80":5,"81":1,"82":4,"83":1,"84":3,"85":1,"86":2,"87":16,"88":16,"89":16,"90":19,"91":19,"92":15,"93":1,"94":14,"95":1,"96":13,"97":14,"98":1,"99":12,"100":12,"101":5,"102":3,"103":3,"104":129,"105":2,"106":127,"107":1,"108":126,"109":1,"110":125,"111":1,"112":124,"113":117,"114":116,"115":10,"116":6,"117":1,"118":5,"119":5,"120":126},"f":{"0":36,"1":40,"2":40,"3":5,"4":38,"5":15,"6":137,"7":124,"8":201,"9":14},"b":{"0":[7,33],"1":[1,6],"2":[0],"3":[1,14],"4":[1,0],"5":[1,13],"6":[14,8],"7":[1,0],"8":[1,12],"9":[13,7],"10":[1,0],"11":[1,11],"12":[12,5],"13":[0,1],"14":[1,10],"15":[11,4],"16":[0,1],"17":[1,9],"18":[10,6],"19":[1,0],"20":[0],"21":[106,31],"22":[1,30],"23":[1,0],"24":[0],"25":[12,2,0,2,18,2,2,17],"26":[1,11],"27":[1,0],"28":[1,1],"29":[1,0],"30":[1,1],"31":[1,0],"32":[1,17],"33":[1,0],"34":[1,1],"35":[1,0],"36":[1,1],"37":[1,0],"38":[1,16],"39":[1,0],"40":[16,0],"41":[36],"42":[0,201],"43":[1,200],"44":[1,0],"45":[5,195],"46":[2,2,31,16,5,129,10],"47":[1,1],"48":[1,0],"49":[1,1],"50":[1,0],"51":[26,395],"52":[146,9,0],"53":[0,146],"54":[5,3],"55":[1,4],"56":[0,1],"57":[1,3],"58":[4,3],"59":[0,1],"60":[1,2],"61":[3,2],"62":[0,1],"63":[34,0],"64":[19,0],"65":[19,0],"66":[19,0],"67":[1,14],"68":[15,15],"69":[1,0],"70":[1,13],"71":[14,14],"72":[1,0],"73":[1,12],"74":[13,13],"75":[1,0],"76":[2,127],"77":[2,0],"78":[1,126],"79":[127,23],"80":[1,0],"81":[1,0],"82":[1,125],"83":[126,22],"84":[1,0],"85":[1,0],"86":[1,124],"87":[125,2],"88":[1,0],"89":[1,5],"90":[1,0]},"_coverageSchema":"1a1c01bbd47fc00a2c39e90264f33305004495a9","hash":"425c8c2845269b6a217250d85f99c81e05ed94ea"}
}
