TN:
SF:src/classes/Api.js
FN:4,(anonymous_0)
FN:8,(anonymous_1)
FNF:2
FNH:0
FNDA:0,(anonymous_0)
FNDA:0,(anonymous_1)
DA:5,0
LF:1
LH:0
BRDA:4,0,0,0
BRF:1
BRH:0
end_of_record
TN:
SF:src/classes/Conf.js
FN:19,(anonymous_0)
FN:23,(anonymous_1)
FN:27,(anonymous_2)
FN:33,(anonymous_3)
FNF:4
FNH:4
FNDA:22,(anonymous_0)
FNDA:8,(anonymous_1)
FNDA:1,(anonymous_2)
FNDA:2,(anonymous_3)
DA:20,22
DA:24,8
DA:28,1
DA:29,2
DA:34,2
DA:35,2
DA:36,1
DA:38,2
DA:39,2
LF:9
LH:9
BRDA:19,0,0,11
BRDA:35,1,0,1
BRDA:35,1,1,1
BRDA:35,2,0,2
BRDA:35,2,1,2
BRF:5
BRH:5
end_of_record
TN:
SF:src/classes/SchemaValidator.js
FN:9,(anonymous_0)
FN:14,(anonymous_1)
FN:15,(anonymous_2)
FN:25,(anonymous_3)
FN:39,(anonymous_4)
FN:43,(anonymous_5)
FN:86,(anonymous_6)
FN:100,(anonymous_7)
FN:171,(anonymous_8)
FN:271,(anonymous_9)
FNF:10
FNH:10
FNDA:36,(anonymous_0)
FNDA:40,(anonymous_1)
FNDA:40,(anonymous_2)
FNDA:5,(anonymous_3)
FNDA:38,(anonymous_4)
FNDA:15,(anonymous_5)
FNDA:137,(anonymous_6)
FNDA:124,(anonymous_7)
FNDA:201,(anonymous_8)
FNDA:14,(anonymous_9)
DA:6,2
DA:10,36
DA:11,36
DA:15,40
DA:16,40
DA:17,7
DA:21,7
DA:22,1
DA:23,1
DA:25,6
DA:26,5
DA:27,5
DA:28,5
DA:30,0
DA:34,33
DA:40,38
DA:44,15
DA:45,1
DA:47,14
DA:51,1
DA:57,13
DA:58,1
DA:64,12
DA:65,1
DA:71,11
DA:72,1
DA:78,10
DA:79,1
DA:87,137
DA:89,31
DA:90,31
DA:91,1
DA:101,124
DA:103,12
DA:104,12
DA:105,1
DA:108,11
DA:110,2
DA:111,2
DA:112,1
DA:115,1
DA:118,2
DA:123,1
DA:128,1
DA:130,18
DA:135,1
DA:138,17
DA:140,2
DA:145,1
DA:148,1
DA:150,2
DA:151,1
DA:154,1
DA:156,17
DA:161,1
DA:164,16
DA:165,16
DA:168,105
DA:172,201
DA:173,201
DA:174,1
DA:178,200
DA:179,5
DA:182,195
DA:184,2
DA:185,1
DA:186,1
DA:188,2
DA:189,1
DA:192,1
DA:194,31
DA:196,31
DA:197,421
DA:198,26
DA:204,31
DA:205,146
DA:212,5
DA:213,5
DA:214,1
DA:219,4
DA:223,1
DA:229,3
DA:233,1
DA:239,2
DA:241,16
DA:243,16
DA:244,19
DA:245,19
DA:254,15
DA:255,1
DA:261,14
DA:262,1
DA:268,13
DA:271,14
DA:274,1
DA:278,12
DA:280,12
DA:282,5
DA:283,3
DA:284,3
DA:286,129
DA:287,2
DA:289,127
DA:290,1
DA:296,126
DA:297,1
DA:303,125
DA:307,1
DA:312,124
DA:313,117
DA:314,116
DA:316,10
DA:317,6
DA:318,1
DA:321,5
DA:322,5
DA:325,126
LF:117
LH:116
BRDA:16,0,0,7
BRDA:16,0,1,33
BRDA:21,1,0,1
BRDA:21,1,1,6
BRDA:43,2,0,0
BRDA:44,3,0,1
BRDA:44,3,1,14
BRDA:45,4,0,1
BRDA:45,4,1,0
BRDA:47,5,0,1
BRDA:47,5,1,13
BRDA:48,6,0,14
BRDA:48,6,1,8
BRDA:52,7,0,1
BRDA:52,7,1,0
BRDA:57,8,0,1
BRDA:57,8,1,12
BRDA:57,9,0,13
BRDA:57,9,1,7
BRDA:59,10,0,1
BRDA:59,10,1,0
BRDA:64,11,0,1
BRDA:64,11,1,11
BRDA:64,12,0,12
BRDA:64,12,1,5
BRDA:66,13,0,0
BRDA:66,13,1,1
BRDA:71,14,0,1
BRDA:71,14,1,10
BRDA:71,15,0,11
BRDA:71,15,1,4
BRDA:73,16,0,0
BRDA:73,16,1,1
BRDA:78,17,0,1
BRDA:78,17,1,9
BRDA:78,18,0,10
BRDA:78,18,1,6
BRDA:80,19,0,1
BRDA:80,19,1,0
BRDA:86,20,0,0
BRDA:87,21,0,106
BRDA:87,21,1,31
BRDA:90,22,0,1
BRDA:90,22,1,30
BRDA:92,23,0,1
BRDA:92,23,1,0
BRDA:100,24,0,0
BRDA:101,25,0,12
BRDA:101,25,1,2
BRDA:101,25,2,0
BRDA:101,25,3,2
BRDA:101,25,4,18
BRDA:101,25,5,2
BRDA:101,25,6,2
BRDA:101,25,7,17
BRDA:104,26,0,1
BRDA:104,26,1,11
BRDA:106,27,0,1
BRDA:106,27,1,0
BRDA:111,28,0,1
BRDA:111,28,1,1
BRDA:113,29,0,1
BRDA:113,29,1,0
BRDA:118,30,0,1
BRDA:118,30,1,1
BRDA:125,31,0,1
BRDA:125,31,1,0
BRDA:130,32,0,1
BRDA:130,32,1,17
BRDA:136,33,0,1
BRDA:136,33,1,0
BRDA:140,34,0,1
BRDA:140,34,1,1
BRDA:146,35,0,1
BRDA:146,35,1,0
BRDA:150,36,0,1
BRDA:150,36,1,1
BRDA:152,37,0,1
BRDA:152,37,1,0
BRDA:156,38,0,1
BRDA:156,38,1,16
BRDA:162,39,0,1
BRDA:162,39,1,0
BRDA:164,40,0,16
BRDA:164,40,1,0
BRDA:171,41,0,36
BRDA:172,42,0,0
BRDA:172,42,1,201
BRDA:173,43,0,1
BRDA:173,43,1,200
BRDA:175,44,0,1
BRDA:175,44,1,0
BRDA:178,45,0,5
BRDA:178,45,1,195
BRDA:182,46,0,2
BRDA:182,46,1,2
BRDA:182,46,2,31
BRDA:182,46,3,16
BRDA:182,46,4,5
BRDA:182,46,5,129
BRDA:182,46,6,10
BRDA:184,47,0,1
BRDA:184,47,1,1
BRDA:185,48,0,1
BRDA:185,48,1,0
BRDA:188,49,0,1
BRDA:188,49,1,1
BRDA:190,50,0,1
BRDA:190,50,1,0
BRDA:197,51,0,26
BRDA:197,51,1,395
BRDA:207,52,0,146
BRDA:207,52,1,9
BRDA:207,52,2,0
BRDA:208,53,0,0
BRDA:208,53,1,146
BRDA:212,54,0,5
BRDA:212,54,1,3
BRDA:213,55,0,1
BRDA:213,55,1,4
BRDA:215,56,0,0
BRDA:215,56,1,1
BRDA:219,57,0,1
BRDA:219,57,1,3
BRDA:220,58,0,4
BRDA:220,58,1,3
BRDA:224,59,0,0
BRDA:224,59,1,1
BRDA:229,60,0,1
BRDA:229,60,1,2
BRDA:230,61,0,3
BRDA:230,61,1,2
BRDA:234,62,0,0
BRDA:234,62,1,1
BRDA:243,63,0,34
BRDA:243,63,1,0
BRDA:244,64,0,19
BRDA:244,64,1,0
BRDA:248,65,0,19
BRDA:248,65,1,0
BRDA:249,66,0,19
BRDA:249,66,1,0
BRDA:254,67,0,1
BRDA:254,67,1,14
BRDA:254,68,0,15
BRDA:254,68,1,15
BRDA:256,69,0,1
BRDA:256,69,1,0
BRDA:261,70,0,1
BRDA:261,70,1,13
BRDA:261,71,0,14
BRDA:261,71,1,14
BRDA:263,72,0,1
BRDA:263,72,1,0
BRDA:268,73,0,1
BRDA:268,73,1,12
BRDA:269,74,0,13
BRDA:269,74,1,13
BRDA:275,75,0,1
BRDA:275,75,1,0
BRDA:286,76,0,2
BRDA:286,76,1,127
BRDA:287,77,0,2
BRDA:287,77,1,0
BRDA:289,78,0,1
BRDA:289,78,1,126
BRDA:289,79,0,127
BRDA:289,79,1,23
BRDA:291,80,0,1
BRDA:291,80,1,0
BRDA:293,81,0,1
BRDA:293,81,1,0
BRDA:296,82,0,1
BRDA:296,82,1,125
BRDA:296,83,0,126
BRDA:296,83,1,22
BRDA:298,84,0,1
BRDA:298,84,1,0
BRDA:300,85,0,1
BRDA:300,85,1,0
BRDA:303,86,0,1
BRDA:303,86,1,124
BRDA:304,87,0,125
BRDA:304,87,1,2
BRDA:308,88,0,1
BRDA:308,88,1,0
BRDA:317,89,0,1
BRDA:317,89,1,5
BRDA:319,90,0,1
BRDA:319,90,1,0
BRF:190
BRH:148
end_of_record
