TN:
SF:src/classes/Api.js
FN:4,(anonymous_0)
FN:8,(anonymous_1)
FNF:2
FNH:0
FNDA:0,(anonymous_0)
FNDA:0,(anonymous_1)
DA:5,0
LF:1
LH:0
BRDA:4,0,0,0
BRF:1
BRH:0
end_of_record
TN:
SF:src/classes/Conf.js
FN:19,(anonymous_0)
FN:23,(anonymous_1)
FN:27,(anonymous_2)
FN:33,(anonymous_3)
FNF:4
FNH:4
FNDA:18,(anonymous_0)
FNDA:7,(anonymous_1)
FNDA:1,(anonymous_2)
FNDA:2,(anonymous_3)
DA:20,18
DA:24,7
DA:28,1
DA:29,2
DA:34,2
DA:35,2
DA:36,1
DA:38,2
DA:39,2
LF:9
LH:9
BRDA:19,0,0,11
BRDA:35,1,0,1
BRDA:35,1,1,1
BRDA:35,2,0,2
BRDA:35,2,1,2
BRF:5
BRH:5
end_of_record
TN:
SF:src/classes/SchemaValidator.js
FN:9,(anonymous_0)
FN:14,(anonymous_1)
FN:15,(anonymous_2)
FN:25,(anonymous_3)
FN:39,(anonymous_4)
FN:43,(anonymous_5)
FN:86,(anonymous_6)
FN:100,(anonymous_7)
FN:171,(anonymous_8)
FN:283,(anonymous_9)
FNF:10
FNH:4
FNDA:0,(anonymous_0)
FNDA:3,(anonymous_1)
FNDA:3,(anonymous_2)
FNDA:1,(anonymous_3)
FNDA:1,(anonymous_4)
FNDA:0,(anonymous_5)
FNDA:0,(anonymous_6)
FNDA:0,(anonymous_7)
FNDA:0,(anonymous_8)
FNDA:0,(anonymous_9)
DA:6,1
DA:10,0
DA:11,0
DA:15,3
DA:16,3
DA:17,3
DA:21,3
DA:22,1
DA:23,1
DA:25,2
DA:26,1
DA:27,1
DA:29,0
DA:31,1
DA:34,0
DA:40,1
DA:44,0
DA:45,0
DA:47,0
DA:51,0
DA:57,0
DA:58,0
DA:64,0
DA:65,0
DA:71,0
DA:72,0
DA:78,0
DA:79,0
DA:87,0
DA:89,0
DA:90,0
DA:91,0
DA:101,0
DA:103,0
DA:104,0
DA:105,0
DA:108,0
DA:110,0
DA:111,0
DA:112,0
DA:115,0
DA:118,0
DA:123,0
DA:128,0
DA:130,0
DA:135,0
DA:138,0
DA:140,0
DA:145,0
DA:148,0
DA:150,0
DA:151,0
DA:154,0
DA:156,0
DA:161,0
DA:164,0
DA:165,0
DA:168,0
DA:172,0
DA:173,0
DA:174,0
DA:178,0
DA:179,0
DA:182,0
DA:183,0
DA:185,0
DA:187,0
DA:188,0
DA:189,0
DA:191,0
DA:192,0
DA:195,0
DA:196,0
DA:198,0
DA:200,0
DA:201,0
DA:202,0
DA:208,0
DA:209,0
DA:210,0
DA:216,0
DA:217,0
DA:222,0
DA:223,0
DA:224,0
DA:229,0
DA:233,0
DA:239,0
DA:243,0
DA:249,0
DA:251,0
DA:253,0
DA:254,0
DA:255,0
DA:256,0
DA:266,0
DA:267,0
DA:273,0
DA:274,0
DA:280,0
DA:283,0
DA:286,0
DA:290,0
DA:292,0
DA:294,0
DA:295,0
DA:296,0
DA:298,0
DA:299,0
DA:301,0
DA:302,0
DA:308,0
DA:309,0
DA:315,0
DA:319,0
DA:323,0
DA:324,0
DA:325,0
DA:327,0
DA:328,0
DA:329,0
DA:332,0
DA:333,0
DA:336,0
LF:124
LH:12
BRDA:16,0,0,3
BRDA:16,0,1,0
BRDA:21,1,0,1
BRDA:21,1,1,2
BRDA:43,2,0,0
BRDA:44,3,0,0
BRDA:44,3,1,0
BRDA:45,4,0,0
BRDA:45,4,1,0
BRDA:47,5,0,0
BRDA:47,5,1,0
BRDA:48,6,0,0
BRDA:48,6,1,0
BRDA:52,7,0,0
BRDA:52,7,1,0
BRDA:57,8,0,0
BRDA:57,8,1,0
BRDA:57,9,0,0
BRDA:57,9,1,0
BRDA:59,10,0,0
BRDA:59,10,1,0
BRDA:64,11,0,0
BRDA:64,11,1,0
BRDA:64,12,0,0
BRDA:64,12,1,0
BRDA:66,13,0,0
BRDA:66,13,1,0
BRDA:71,14,0,0
BRDA:71,14,1,0
BRDA:71,15,0,0
BRDA:71,15,1,0
BRDA:73,16,0,0
BRDA:73,16,1,0
BRDA:78,17,0,0
BRDA:78,17,1,0
BRDA:78,18,0,0
BRDA:78,18,1,0
BRDA:80,19,0,0
BRDA:80,19,1,0
BRDA:86,20,0,0
BRDA:87,21,0,0
BRDA:87,21,1,0
BRDA:90,22,0,0
BRDA:90,22,1,0
BRDA:92,23,0,0
BRDA:92,23,1,0
BRDA:100,24,0,0
BRDA:101,25,0,0
BRDA:101,25,1,0
BRDA:101,25,2,0
BRDA:101,25,3,0
BRDA:101,25,4,0
BRDA:101,25,5,0
BRDA:101,25,6,0
BRDA:101,25,7,0
BRDA:104,26,0,0
BRDA:104,26,1,0
BRDA:106,27,0,0
BRDA:106,27,1,0
BRDA:111,28,0,0
BRDA:111,28,1,0
BRDA:113,29,0,0
BRDA:113,29,1,0
BRDA:118,30,0,0
BRDA:118,30,1,0
BRDA:125,31,0,0
BRDA:125,31,1,0
BRDA:130,32,0,0
BRDA:130,32,1,0
BRDA:136,33,0,0
BRDA:136,33,1,0
BRDA:140,34,0,0
BRDA:140,34,1,0
BRDA:146,35,0,0
BRDA:146,35,1,0
BRDA:150,36,0,0
BRDA:150,36,1,0
BRDA:152,37,0,0
BRDA:152,37,1,0
BRDA:156,38,0,0
BRDA:156,38,1,0
BRDA:162,39,0,0
BRDA:162,39,1,0
BRDA:164,40,0,0
BRDA:164,40,1,0
BRDA:171,41,0,0
BRDA:172,42,0,0
BRDA:172,42,1,0
BRDA:173,43,0,0
BRDA:173,43,1,0
BRDA:175,44,0,0
BRDA:175,44,1,0
BRDA:178,45,0,0
BRDA:178,45,1,0
BRDA:182,46,0,0
BRDA:182,46,1,0
BRDA:182,47,0,0
BRDA:182,47,1,0
BRDA:185,48,0,0
BRDA:185,48,1,0
BRDA:185,48,2,0
BRDA:185,48,3,0
BRDA:185,48,4,0
BRDA:185,48,5,0
BRDA:185,48,6,0
BRDA:187,49,0,0
BRDA:187,49,1,0
BRDA:188,50,0,0
BRDA:188,50,1,0
BRDA:191,51,0,0
BRDA:191,51,1,0
BRDA:193,52,0,0
BRDA:193,52,1,0
BRDA:201,53,0,0
BRDA:201,53,1,0
BRDA:212,54,0,0
BRDA:212,54,1,0
BRDA:212,54,2,0
BRDA:213,55,0,0
BRDA:213,55,1,0
BRDA:216,56,0,0
BRDA:216,56,1,0
BRDA:216,57,0,0
BRDA:216,57,1,0
BRDA:222,58,0,0
BRDA:222,58,1,0
BRDA:223,59,0,0
BRDA:223,59,1,0
BRDA:225,60,0,0
BRDA:225,60,1,0
BRDA:229,61,0,0
BRDA:229,61,1,0
BRDA:230,62,0,0
BRDA:230,62,1,0
BRDA:234,63,0,0
BRDA:234,63,1,0
BRDA:239,64,0,0
BRDA:239,64,1,0
BRDA:240,65,0,0
BRDA:240,65,1,0
BRDA:244,66,0,0
BRDA:244,66,1,0
BRDA:253,67,0,0
BRDA:253,67,1,0
BRDA:254,68,0,0
BRDA:254,68,1,0
BRDA:259,69,0,0
BRDA:259,69,1,0
BRDA:260,70,0,0
BRDA:260,70,1,0
BRDA:266,71,0,0
BRDA:266,71,1,0
BRDA:266,72,0,0
BRDA:266,72,1,0
BRDA:268,73,0,0
BRDA:268,73,1,0
BRDA:273,74,0,0
BRDA:273,74,1,0
BRDA:273,75,0,0
BRDA:273,75,1,0
BRDA:275,76,0,0
BRDA:275,76,1,0
BRDA:280,77,0,0
BRDA:280,77,1,0
BRDA:281,78,0,0
BRDA:281,78,1,0
BRDA:287,79,0,0
BRDA:287,79,1,0
BRDA:298,80,0,0
BRDA:298,80,1,0
BRDA:299,81,0,0
BRDA:299,81,1,0
BRDA:301,82,0,0
BRDA:301,82,1,0
BRDA:301,83,0,0
BRDA:301,83,1,0
BRDA:303,84,0,0
BRDA:303,84,1,0
BRDA:305,85,0,0
BRDA:305,85,1,0
BRDA:308,86,0,0
BRDA:308,86,1,0
BRDA:308,87,0,0
BRDA:308,87,1,0
BRDA:310,88,0,0
BRDA:310,88,1,0
BRDA:312,89,0,0
BRDA:312,89,1,0
BRDA:315,90,0,0
BRDA:315,90,1,0
BRDA:316,91,0,0
BRDA:316,91,1,0
BRDA:320,92,0,0
BRDA:320,92,1,0
BRDA:328,93,0,0
BRDA:328,93,1,0
BRDA:330,94,0,0
BRDA:330,94,1,0
BRF:198
BRH:3
end_of_record
